<?xml version="1.0" encoding="UTF-8"?>
<testsuite name="com.learning.persistence.dao.OfficerRepositoryTest" tests="9" skipped="0" failures="0" errors="0" timestamp="2021-03-15T22:15:08" hostname="rafael-Inspiron-5480" time="0.265">
  <properties/>
  <testcase name="testSave()" classname="com.learning.persistence.dao.OfficerRepositoryTest" time="0.041"/>
  <testcase name="findAll()" classname="com.learning.persistence.dao.OfficerRepositoryTest" time="0.093"/>
  <testcase name="findById()" classname="com.learning.persistence.dao.OfficerRepositoryTest" time="0.027"/>
  <testcase name="findByLast()" classname="com.learning.persistence.dao.OfficerRepositoryTest" time="0.019"/>
  <testcase name="findByRank()" classname="com.learning.persistence.dao.OfficerRepositoryTest" time="0.01"/>
  <testcase name="doesNotExist()" classname="com.learning.persistence.dao.OfficerRepositoryTest" time="0.016"/>
  <testcase name="count()" classname="com.learning.persistence.dao.OfficerRepositoryTest" time="0.008"/>
  <testcase name="existsById()" classname="com.learning.persistence.dao.OfficerRepositoryTest" time="0.012"/>
  <testcase name="deleteById()" classname="com.learning.persistence.dao.OfficerRepositoryTest" time="0.032"/>
  <system-out><![CDATA[2021-03-15 19:15:08.282  INFO 10351 --- [    Test worker] b.t.a.o.j.DataJpaTestContextBootstrapper : Neither @ContextConfiguration nor @ContextHierarchy found for test class [com.learning.persistence.dao.OfficerRepositoryTest], using SpringBootContextLoader
2021-03-15 19:15:08.283  INFO 10351 --- [    Test worker] o.s.t.c.support.AbstractContextLoader    : Could not detect default resource locations for test class [com.learning.persistence.dao.OfficerRepositoryTest]: no resource found for suffixes {-context.xml, Context.groovy}.
2021-03-15 19:15:08.283  INFO 10351 --- [    Test worker] t.c.s.AnnotationConfigContextLoaderUtils : Could not detect default configuration classes for test class [com.learning.persistence.dao.OfficerRepositoryTest]: OfficerRepositoryTest does not declare any static, non-private, non-final, nested classes annotated with @Configuration.
2021-03-15 19:15:08.294  INFO 10351 --- [    Test worker] .b.t.c.SpringBootTestContextBootstrapper : Found @SpringBootConfiguration com.learning.persistence.PersistenceApplication for test class com.learning.persistence.dao.OfficerRepositoryTest
2021-03-15 19:15:08.295  INFO 10351 --- [    Test worker] b.t.a.o.j.DataJpaTestContextBootstrapper : Loaded default TestExecutionListener class names from location [META-INF/spring.factories]: [org.springframework.boot.test.autoconfigure.restdocs.RestDocsTestExecutionListener, org.springframework.boot.test.autoconfigure.web.client.MockRestServiceServerResetTestExecutionListener, org.springframework.boot.test.autoconfigure.web.servlet.MockMvcPrintOnlyOnFailureTestExecutionListener, org.springframework.boot.test.autoconfigure.web.servlet.WebDriverTestExecutionListener, org.springframework.boot.test.autoconfigure.webservices.client.MockWebServiceServerTestExecutionListener, org.springframework.boot.test.mock.mockito.MockitoTestExecutionListener, org.springframework.boot.test.mock.mockito.ResetMocksTestExecutionListener, org.springframework.test.context.web.ServletTestExecutionListener, org.springframework.test.context.support.DirtiesContextBeforeModesTestExecutionListener, org.springframework.test.context.event.ApplicationEventsTestExecutionListener, org.springframework.test.context.support.DependencyInjectionTestExecutionListener, org.springframework.test.context.support.DirtiesContextTestExecutionListener, org.springframework.test.context.transaction.TransactionalTestExecutionListener, org.springframework.test.context.jdbc.SqlScriptsTestExecutionListener, org.springframework.test.context.event.EventPublishingTestExecutionListener]
2021-03-15 19:15:08.295  INFO 10351 --- [    Test worker] b.t.a.o.j.DataJpaTestContextBootstrapper : Using TestExecutionListeners: [org.springframework.test.context.web.ServletTestExecutionListener@7405f506, org.springframework.test.context.support.DirtiesContextBeforeModesTestExecutionListener@4b622b7a, org.springframework.test.context.event.ApplicationEventsTestExecutionListener@51c3b848, org.springframework.boot.test.mock.mockito.MockitoTestExecutionListener@70213b2, org.springframework.boot.test.autoconfigure.SpringBootDependencyInjectionTestExecutionListener@5cf46b91, org.springframework.test.context.support.DirtiesContextTestExecutionListener@617b28e, org.springframework.test.context.transaction.TransactionalTestExecutionListener@4ada4bfc, org.springframework.test.context.jdbc.SqlScriptsTestExecutionListener@5dd24e96, org.springframework.test.context.event.EventPublishingTestExecutionListener@22050e5e, org.springframework.boot.test.autoconfigure.restdocs.RestDocsTestExecutionListener@193d4b52, org.springframework.boot.test.autoconfigure.web.client.MockRestServiceServerResetTestExecutionListener@1a07622, org.springframework.boot.test.autoconfigure.web.servlet.MockMvcPrintOnlyOnFailureTestExecutionListener@4ec93e7e, org.springframework.boot.test.autoconfigure.web.servlet.WebDriverTestExecutionListener@44b4be07, org.springframework.boot.test.autoconfigure.webservices.client.MockWebServiceServerTestExecutionListener@37a00a18, org.springframework.boot.test.mock.mockito.ResetMocksTestExecutionListener@35337ba8]

  .   ____          _            __ _ _
 /\\ / ___'_ __ _ _(_)_ __  __ _ \ \ \ \
( ( )\___ | '_ | '_| | '_ \/ _` | \ \ \ \
 \\/  ___)| |_)| | | | | || (_| |  ) ) ) )
  '  |____| .__|_| |_|_| |_\__, | / / / /
 =========|_|==============|___/=/_/_/_/
 :: Spring Boot ::                (v2.4.3)

2021-03-15 19:15:08.324  INFO 10351 --- [    Test worker] c.l.p.dao.OfficerRepositoryTest          : Starting OfficerRepositoryTest using Java 11.0.10 on rafael-Inspiron-5480 with PID 10351 (started by rafael in /home/rafael/learnspace/spring-data-jdbc-jpa)
2021-03-15 19:15:08.326  INFO 10351 --- [    Test worker] c.l.p.dao.OfficerRepositoryTest          : No active profile set, falling back to default profiles: default
2021-03-15 19:15:08.393  INFO 10351 --- [    Test worker] .s.d.r.c.RepositoryConfigurationDelegate : Bootstrapping Spring Data JPA repositories in DEFAULT mode.
2021-03-15 19:15:08.398  INFO 10351 --- [    Test worker] .s.d.r.c.RepositoryConfigurationDelegate : Finished Spring Data repository scanning in 4 ms. Found 1 JPA repository interfaces.
2021-03-15 19:15:08.406  INFO 10351 --- [    Test worker] beddedDataSourceBeanFactoryPostProcessor : Replacing 'dataSource' DataSource bean with embedded version
2021-03-15 19:15:08.423  INFO 10351 --- [    Test worker] o.s.j.d.e.EmbeddedDatabaseFactory        : Starting embedded database: url='jdbc:h2:mem:b29176d5-f817-4597-8ccc-f7308cef8236;DB_CLOSE_DELAY=-1;DB_CLOSE_ON_EXIT=false', username='sa'
2021-03-15 19:15:08.476  INFO 10351 --- [    Test worker] o.hibernate.jpa.internal.util.LogHelper  : HHH000204: Processing PersistenceUnitInfo [name: default]
2021-03-15 19:15:08.480  INFO 10351 --- [    Test worker] org.hibernate.dialect.Dialect            : HHH000400: Using dialect: org.hibernate.dialect.H2Dialect
2021-03-15 19:15:08.510  INFO 10351 --- [    Test worker] o.h.e.t.j.p.i.JtaPlatformInitiator       : HHH000490: Using JtaPlatform implementation: [org.hibernate.engine.transaction.jta.platform.internal.NoJtaPlatform]
2021-03-15 19:15:08.510  INFO 10351 --- [    Test worker] j.LocalContainerEntityManagerFactoryBean : Initialized JPA EntityManagerFactory for persistence unit 'default'
2021-03-15 19:15:08.578  INFO 10351 --- [    Test worker] c.l.p.dao.OfficerRepositoryTest          : Started OfficerRepositoryTest in 0.28 seconds (JVM running for 4.572)
2021-03-15 19:15:08.588  INFO 10351 --- [    Test worker] o.s.t.c.transaction.TransactionContext   : Began transaction (1) for test context [DefaultTestContext@3b62690c testClass = OfficerRepositoryTest, testInstance = com.learning.persistence.dao.OfficerRepositoryTest@1b1f6905, testMethod = testSave@OfficerRepositoryTest, testException = [null], mergedContextConfiguration = [MergedContextConfiguration@727bc7fa testClass = OfficerRepositoryTest, locations = '{}', classes = '{class com.learning.persistence.PersistenceApplication}', contextInitializerClasses = '[]', activeProfiles = '{}', propertySourceLocations = '{}', propertySourceProperties = '{org.springframework.boot.test.autoconfigure.orm.jpa.DataJpaTestContextBootstrapper=true}', contextCustomizers = set[org.springframework.boot.test.autoconfigure.OverrideAutoConfigurationContextCustomizerFactory$DisableAutoConfigurationContextCustomizer@6282d6e8, org.springframework.boot.test.autoconfigure.actuate.metrics.MetricsExportContextCustomizerFactory$DisableMetricExportContextCustomizer@2c7e3237, org.springframework.boot.test.autoconfigure.filter.TypeExcludeFiltersContextCustomizer@351584c0, org.springframework.boot.test.autoconfigure.properties.PropertyMappingContextCustomizer@cc90746a, org.springframework.boot.test.autoconfigure.web.servlet.WebDriverContextCustomizerFactory$Customizer@f1d5349, [ImportsContextCustomizer@2108cf93 key = [org.springframework.boot.autoconfigure.cache.CacheAutoConfiguration, org.springframework.boot.autoconfigure.data.jpa.JpaRepositoriesAutoConfiguration, org.springframework.boot.autoconfigure.flyway.FlywayAutoConfiguration, org.springframework.boot.autoconfigure.jdbc.DataSourceAutoConfiguration, org.springframework.boot.autoconfigure.jdbc.DataSourceTransactionManagerAutoConfiguration, org.springframework.boot.autoconfigure.jdbc.JdbcTemplateAutoConfiguration, org.springframework.boot.autoconfigure.liquibase.LiquibaseAutoConfiguration, org.springframework.boot.autoconfigure.orm.jpa.HibernateJpaAutoConfiguration, org.springframework.boot.autoconfigure.transaction.TransactionAutoConfiguration, org.springframework.boot.test.autoconfigure.jdbc.TestDatabaseAutoConfiguration, org.springframework.boot.test.autoconfigure.orm.jpa.TestEntityManagerAutoConfiguration]], org.springframework.boot.test.context.filter.ExcludeFilterContextCustomizer@6797aa63, org.springframework.boot.test.json.DuplicateJsonObjectContextCustomizerFactory$DuplicateJsonObjectContextCustomizer@7488a5a2, org.springframework.boot.test.mock.mockito.MockitoContextCustomizer@0, org.springframework.boot.test.context.SpringBootTestArgs@1, org.springframework.boot.test.context.SpringBootTestWebEnvironment@0], contextLoader = 'org.springframework.boot.test.context.SpringBootContextLoader', parent = [null]], attributes = map['org.springframework.test.context.event.ApplicationEventsTestExecutionListener.recordApplicationEvents' -> false]]; transaction manager [org.springframework.orm.jpa.JpaTransactionManager@34ba71e0]; rollback [true]
2021-03-15 19:15:08.609 DEBUG 10351 --- [    Test worker] org.hibernate.SQL                        : 
    insert 
    into
        officers
        (id, first_name, last_name, rank) 
    values
        (null, ?, ?, ?)
Hibernate: 
    insert 
    into
        officers
        (id, first_name, last_name, rank) 
    values
        (null, ?, ?, ?)
2021-03-15 19:15:08.621  INFO 10351 --- [    Test worker] o.s.t.c.transaction.TransactionContext   : Rolled back transaction for test: [DefaultTestContext@3b62690c testClass = OfficerRepositoryTest, testInstance = com.learning.persistence.dao.OfficerRepositoryTest@1b1f6905, testMethod = testSave@OfficerRepositoryTest, testException = [null], mergedContextConfiguration = [MergedContextConfiguration@727bc7fa testClass = OfficerRepositoryTest, locations = '{}', classes = '{class com.learning.persistence.PersistenceApplication}', contextInitializerClasses = '[]', activeProfiles = '{}', propertySourceLocations = '{}', propertySourceProperties = '{org.springframework.boot.test.autoconfigure.orm.jpa.DataJpaTestContextBootstrapper=true}', contextCustomizers = set[org.springframework.boot.test.autoconfigure.OverrideAutoConfigurationContextCustomizerFactory$DisableAutoConfigurationContextCustomizer@6282d6e8, org.springframework.boot.test.autoconfigure.actuate.metrics.MetricsExportContextCustomizerFactory$DisableMetricExportContextCustomizer@2c7e3237, org.springframework.boot.test.autoconfigure.filter.TypeExcludeFiltersContextCustomizer@351584c0, org.springframework.boot.test.autoconfigure.properties.PropertyMappingContextCustomizer@cc90746a, org.springframework.boot.test.autoconfigure.web.servlet.WebDriverContextCustomizerFactory$Customizer@f1d5349, [ImportsContextCustomizer@2108cf93 key = [org.springframework.boot.autoconfigure.cache.CacheAutoConfiguration, org.springframework.boot.autoconfigure.data.jpa.JpaRepositoriesAutoConfiguration, org.springframework.boot.autoconfigure.flyway.FlywayAutoConfiguration, org.springframework.boot.autoconfigure.jdbc.DataSourceAutoConfiguration, org.springframework.boot.autoconfigure.jdbc.DataSourceTransactionManagerAutoConfiguration, org.springframework.boot.autoconfigure.jdbc.JdbcTemplateAutoConfiguration, org.springframework.boot.autoconfigure.liquibase.LiquibaseAutoConfiguration, org.springframework.boot.autoconfigure.orm.jpa.HibernateJpaAutoConfiguration, org.springframework.boot.autoconfigure.transaction.TransactionAutoConfiguration, org.springframework.boot.test.autoconfigure.jdbc.TestDatabaseAutoConfiguration, org.springframework.boot.test.autoconfigure.orm.jpa.TestEntityManagerAutoConfiguration]], org.springframework.boot.test.context.filter.ExcludeFilterContextCustomizer@6797aa63, org.springframework.boot.test.json.DuplicateJsonObjectContextCustomizerFactory$DuplicateJsonObjectContextCustomizer@7488a5a2, org.springframework.boot.test.mock.mockito.MockitoContextCustomizer@0, org.springframework.boot.test.context.SpringBootTestArgs@1, org.springframework.boot.test.context.SpringBootTestWebEnvironment@0], contextLoader = 'org.springframework.boot.test.context.SpringBootContextLoader', parent = [null]], attributes = map['org.springframework.test.context.event.ApplicationEventsTestExecutionListener.recordApplicationEvents' -> false]]
2021-03-15 19:15:08.623  INFO 10351 --- [    Test worker] o.s.t.c.transaction.TransactionContext   : Began transaction (1) for test context [DefaultTestContext@3b62690c testClass = OfficerRepositoryTest, testInstance = com.learning.persistence.dao.OfficerRepositoryTest@2e26a59e, testMethod = findAll@OfficerRepositoryTest, testException = [null], mergedContextConfiguration = [MergedContextConfiguration@727bc7fa testClass = OfficerRepositoryTest, locations = '{}', classes = '{class com.learning.persistence.PersistenceApplication}', contextInitializerClasses = '[]', activeProfiles = '{}', propertySourceLocations = '{}', propertySourceProperties = '{org.springframework.boot.test.autoconfigure.orm.jpa.DataJpaTestContextBootstrapper=true}', contextCustomizers = set[org.springframework.boot.test.autoconfigure.OverrideAutoConfigurationContextCustomizerFactory$DisableAutoConfigurationContextCustomizer@6282d6e8, org.springframework.boot.test.autoconfigure.actuate.metrics.MetricsExportContextCustomizerFactory$DisableMetricExportContextCustomizer@2c7e3237, org.springframework.boot.test.autoconfigure.filter.TypeExcludeFiltersContextCustomizer@351584c0, org.springframework.boot.test.autoconfigure.properties.PropertyMappingContextCustomizer@cc90746a, org.springframework.boot.test.autoconfigure.web.servlet.WebDriverContextCustomizerFactory$Customizer@f1d5349, [ImportsContextCustomizer@2108cf93 key = [org.springframework.boot.autoconfigure.cache.CacheAutoConfiguration, org.springframework.boot.autoconfigure.data.jpa.JpaRepositoriesAutoConfiguration, org.springframework.boot.autoconfigure.flyway.FlywayAutoConfiguration, org.springframework.boot.autoconfigure.jdbc.DataSourceAutoConfiguration, org.springframework.boot.autoconfigure.jdbc.DataSourceTransactionManagerAutoConfiguration, org.springframework.boot.autoconfigure.jdbc.JdbcTemplateAutoConfiguration, org.springframework.boot.autoconfigure.liquibase.LiquibaseAutoConfiguration, org.springframework.boot.autoconfigure.orm.jpa.HibernateJpaAutoConfiguration, org.springframework.boot.autoconfigure.transaction.TransactionAutoConfiguration, org.springframework.boot.test.autoconfigure.jdbc.TestDatabaseAutoConfiguration, org.springframework.boot.test.autoconfigure.orm.jpa.TestEntityManagerAutoConfiguration]], org.springframework.boot.test.context.filter.ExcludeFilterContextCustomizer@6797aa63, org.springframework.boot.test.json.DuplicateJsonObjectContextCustomizerFactory$DuplicateJsonObjectContextCustomizer@7488a5a2, org.springframework.boot.test.mock.mockito.MockitoContextCustomizer@0, org.springframework.boot.test.context.SpringBootTestArgs@1, org.springframework.boot.test.context.SpringBootTestWebEnvironment@0], contextLoader = 'org.springframework.boot.test.context.SpringBootContextLoader', parent = [null]], attributes = map['org.springframework.test.context.event.ApplicationEventsTestExecutionListener.recordApplicationEvents' -> false]]; transaction manager [org.springframework.orm.jpa.JpaTransactionManager@34ba71e0]; rollback [true]
2021-03-15 19:15:08.702 DEBUG 10351 --- [    Test worker] org.hibernate.SQL                        : 
    select
        officer0_.id as id1_0_,
        officer0_.first_name as first_na2_0_,
        officer0_.last_name as last_nam3_0_,
        officer0_.rank as rank4_0_ 
    from
        officers officer0_
Hibernate: 
    select
        officer0_.id as id1_0_,
        officer0_.first_name as first_na2_0_,
        officer0_.last_name as last_nam3_0_,
        officer0_.rank as rank4_0_ 
    from
        officers officer0_
2021-03-15 19:15:08.715  INFO 10351 --- [    Test worker] o.s.t.c.transaction.TransactionContext   : Rolled back transaction for test: [DefaultTestContext@3b62690c testClass = OfficerRepositoryTest, testInstance = com.learning.persistence.dao.OfficerRepositoryTest@2e26a59e, testMethod = findAll@OfficerRepositoryTest, testException = [null], mergedContextConfiguration = [MergedContextConfiguration@727bc7fa testClass = OfficerRepositoryTest, locations = '{}', classes = '{class com.learning.persistence.PersistenceApplication}', contextInitializerClasses = '[]', activeProfiles = '{}', propertySourceLocations = '{}', propertySourceProperties = '{org.springframework.boot.test.autoconfigure.orm.jpa.DataJpaTestContextBootstrapper=true}', contextCustomizers = set[org.springframework.boot.test.autoconfigure.OverrideAutoConfigurationContextCustomizerFactory$DisableAutoConfigurationContextCustomizer@6282d6e8, org.springframework.boot.test.autoconfigure.actuate.metrics.MetricsExportContextCustomizerFactory$DisableMetricExportContextCustomizer@2c7e3237, org.springframework.boot.test.autoconfigure.filter.TypeExcludeFiltersContextCustomizer@351584c0, org.springframework.boot.test.autoconfigure.properties.PropertyMappingContextCustomizer@cc90746a, org.springframework.boot.test.autoconfigure.web.servlet.WebDriverContextCustomizerFactory$Customizer@f1d5349, [ImportsContextCustomizer@2108cf93 key = [org.springframework.boot.autoconfigure.cache.CacheAutoConfiguration, org.springframework.boot.autoconfigure.data.jpa.JpaRepositoriesAutoConfiguration, org.springframework.boot.autoconfigure.flyway.FlywayAutoConfiguration, org.springframework.boot.autoconfigure.jdbc.DataSourceAutoConfiguration, org.springframework.boot.autoconfigure.jdbc.DataSourceTransactionManagerAutoConfiguration, org.springframework.boot.autoconfigure.jdbc.JdbcTemplateAutoConfiguration, org.springframework.boot.autoconfigure.liquibase.LiquibaseAutoConfiguration, org.springframework.boot.autoconfigure.orm.jpa.HibernateJpaAutoConfiguration, org.springframework.boot.autoconfigure.transaction.TransactionAutoConfiguration, org.springframework.boot.test.autoconfigure.jdbc.TestDatabaseAutoConfiguration, org.springframework.boot.test.autoconfigure.orm.jpa.TestEntityManagerAutoConfiguration]], org.springframework.boot.test.context.filter.ExcludeFilterContextCustomizer@6797aa63, org.springframework.boot.test.json.DuplicateJsonObjectContextCustomizerFactory$DuplicateJsonObjectContextCustomizer@7488a5a2, org.springframework.boot.test.mock.mockito.MockitoContextCustomizer@0, org.springframework.boot.test.context.SpringBootTestArgs@1, org.springframework.boot.test.context.SpringBootTestWebEnvironment@0], contextLoader = 'org.springframework.boot.test.context.SpringBootContextLoader', parent = [null]], attributes = map['org.springframework.test.context.event.ApplicationEventsTestExecutionListener.recordApplicationEvents' -> false]]
2021-03-15 19:15:08.719  INFO 10351 --- [    Test worker] o.s.t.c.transaction.TransactionContext   : Began transaction (1) for test context [DefaultTestContext@3b62690c testClass = OfficerRepositoryTest, testInstance = com.learning.persistence.dao.OfficerRepositoryTest@7b59dcb1, testMethod = findById@OfficerRepositoryTest, testException = [null], mergedContextConfiguration = [MergedContextConfiguration@727bc7fa testClass = OfficerRepositoryTest, locations = '{}', classes = '{class com.learning.persistence.PersistenceApplication}', contextInitializerClasses = '[]', activeProfiles = '{}', propertySourceLocations = '{}', propertySourceProperties = '{org.springframework.boot.test.autoconfigure.orm.jpa.DataJpaTestContextBootstrapper=true}', contextCustomizers = set[org.springframework.boot.test.autoconfigure.OverrideAutoConfigurationContextCustomizerFactory$DisableAutoConfigurationContextCustomizer@6282d6e8, org.springframework.boot.test.autoconfigure.actuate.metrics.MetricsExportContextCustomizerFactory$DisableMetricExportContextCustomizer@2c7e3237, org.springframework.boot.test.autoconfigure.filter.TypeExcludeFiltersContextCustomizer@351584c0, org.springframework.boot.test.autoconfigure.properties.PropertyMappingContextCustomizer@cc90746a, org.springframework.boot.test.autoconfigure.web.servlet.WebDriverContextCustomizerFactory$Customizer@f1d5349, [ImportsContextCustomizer@2108cf93 key = [org.springframework.boot.autoconfigure.cache.CacheAutoConfiguration, org.springframework.boot.autoconfigure.data.jpa.JpaRepositoriesAutoConfiguration, org.springframework.boot.autoconfigure.flyway.FlywayAutoConfiguration, org.springframework.boot.autoconfigure.jdbc.DataSourceAutoConfiguration, org.springframework.boot.autoconfigure.jdbc.DataSourceTransactionManagerAutoConfiguration, org.springframework.boot.autoconfigure.jdbc.JdbcTemplateAutoConfiguration, org.springframework.boot.autoconfigure.liquibase.LiquibaseAutoConfiguration, org.springframework.boot.autoconfigure.orm.jpa.HibernateJpaAutoConfiguration, org.springframework.boot.autoconfigure.transaction.TransactionAutoConfiguration, org.springframework.boot.test.autoconfigure.jdbc.TestDatabaseAutoConfiguration, org.springframework.boot.test.autoconfigure.orm.jpa.TestEntityManagerAutoConfiguration]], org.springframework.boot.test.context.filter.ExcludeFilterContextCustomizer@6797aa63, org.springframework.boot.test.json.DuplicateJsonObjectContextCustomizerFactory$DuplicateJsonObjectContextCustomizer@7488a5a2, org.springframework.boot.test.mock.mockito.MockitoContextCustomizer@0, org.springframework.boot.test.context.SpringBootTestArgs@1, org.springframework.boot.test.context.SpringBootTestWebEnvironment@0], contextLoader = 'org.springframework.boot.test.context.SpringBootContextLoader', parent = [null]], attributes = map['org.springframework.test.context.event.ApplicationEventsTestExecutionListener.recordApplicationEvents' -> false]]; transaction manager [org.springframework.orm.jpa.JpaTransactionManager@34ba71e0]; rollback [true]
2021-03-15 19:15:08.721 DEBUG 10351 --- [    Test worker] o.s.jdbc.core.JdbcTemplate               : Executing SQL query [select id from officers]
2021-03-15 19:15:08.729 DEBUG 10351 --- [    Test worker] org.hibernate.SQL                        : 
    select
        officer0_.id as id1_0_0_,
        officer0_.first_name as first_na2_0_0_,
        officer0_.last_name as last_nam3_0_0_,
        officer0_.rank as rank4_0_0_ 
    from
        officers officer0_ 
    where
        officer0_.id=?
Hibernate: 
    select
        officer0_.id as id1_0_0_,
        officer0_.first_name as first_na2_0_0_,
        officer0_.last_name as last_nam3_0_0_,
        officer0_.rank as rank4_0_0_ 
    from
        officers officer0_ 
    where
        officer0_.id=?
2021-03-15 19:15:08.735 DEBUG 10351 --- [    Test worker] org.hibernate.SQL                        : 
    select
        officer0_.id as id1_0_0_,
        officer0_.first_name as first_na2_0_0_,
        officer0_.last_name as last_nam3_0_0_,
        officer0_.rank as rank4_0_0_ 
    from
        officers officer0_ 
    where
        officer0_.id=?
Hibernate: 
    select
        officer0_.id as id1_0_0_,
        officer0_.first_name as first_na2_0_0_,
        officer0_.last_name as last_nam3_0_0_,
        officer0_.rank as rank4_0_0_ 
    from
        officers officer0_ 
    where
        officer0_.id=?
2021-03-15 19:15:08.737 DEBUG 10351 --- [    Test worker] org.hibernate.SQL                        : 
    select
        officer0_.id as id1_0_0_,
        officer0_.first_name as first_na2_0_0_,
        officer0_.last_name as last_nam3_0_0_,
        officer0_.rank as rank4_0_0_ 
    from
        officers officer0_ 
    where
        officer0_.id=?
Hibernate: 
    select
        officer0_.id as id1_0_0_,
        officer0_.first_name as first_na2_0_0_,
        officer0_.last_name as last_nam3_0_0_,
        officer0_.rank as rank4_0_0_ 
    from
        officers officer0_ 
    where
        officer0_.id=?
2021-03-15 19:15:08.739 DEBUG 10351 --- [    Test worker] org.hibernate.SQL                        : 
    select
        officer0_.id as id1_0_0_,
        officer0_.first_name as first_na2_0_0_,
        officer0_.last_name as last_nam3_0_0_,
        officer0_.rank as rank4_0_0_ 
    from
        officers officer0_ 
    where
        officer0_.id=?
Hibernate: 
    select
        officer0_.id as id1_0_0_,
        officer0_.first_name as first_na2_0_0_,
        officer0_.last_name as last_nam3_0_0_,
        officer0_.rank as rank4_0_0_ 
    from
        officers officer0_ 
    where
        officer0_.id=?
2021-03-15 19:15:08.740 DEBUG 10351 --- [    Test worker] org.hibernate.SQL                        : 
    select
        officer0_.id as id1_0_0_,
        officer0_.first_name as first_na2_0_0_,
        officer0_.last_name as last_nam3_0_0_,
        officer0_.rank as rank4_0_0_ 
    from
        officers officer0_ 
    where
        officer0_.id=?
Hibernate: 
    select
        officer0_.id as id1_0_0_,
        officer0_.first_name as first_na2_0_0_,
        officer0_.last_name as last_nam3_0_0_,
        officer0_.rank as rank4_0_0_ 
    from
        officers officer0_ 
    where
        officer0_.id=?
2021-03-15 19:15:08.743  INFO 10351 --- [    Test worker] o.s.t.c.transaction.TransactionContext   : Rolled back transaction for test: [DefaultTestContext@3b62690c testClass = OfficerRepositoryTest, testInstance = com.learning.persistence.dao.OfficerRepositoryTest@7b59dcb1, testMethod = findById@OfficerRepositoryTest, testException = [null], mergedContextConfiguration = [MergedContextConfiguration@727bc7fa testClass = OfficerRepositoryTest, locations = '{}', classes = '{class com.learning.persistence.PersistenceApplication}', contextInitializerClasses = '[]', activeProfiles = '{}', propertySourceLocations = '{}', propertySourceProperties = '{org.springframework.boot.test.autoconfigure.orm.jpa.DataJpaTestContextBootstrapper=true}', contextCustomizers = set[org.springframework.boot.test.autoconfigure.OverrideAutoConfigurationContextCustomizerFactory$DisableAutoConfigurationContextCustomizer@6282d6e8, org.springframework.boot.test.autoconfigure.actuate.metrics.MetricsExportContextCustomizerFactory$DisableMetricExportContextCustomizer@2c7e3237, org.springframework.boot.test.autoconfigure.filter.TypeExcludeFiltersContextCustomizer@351584c0, org.springframework.boot.test.autoconfigure.properties.PropertyMappingContextCustomizer@cc90746a, org.springframework.boot.test.autoconfigure.web.servlet.WebDriverContextCustomizerFactory$Customizer@f1d5349, [ImportsContextCustomizer@2108cf93 key = [org.springframework.boot.autoconfigure.cache.CacheAutoConfiguration, org.springframework.boot.autoconfigure.data.jpa.JpaRepositoriesAutoConfiguration, org.springframework.boot.autoconfigure.flyway.FlywayAutoConfiguration, org.springframework.boot.autoconfigure.jdbc.DataSourceAutoConfiguration, org.springframework.boot.autoconfigure.jdbc.DataSourceTransactionManagerAutoConfiguration, org.springframework.boot.autoconfigure.jdbc.JdbcTemplateAutoConfiguration, org.springframework.boot.autoconfigure.liquibase.LiquibaseAutoConfiguration, org.springframework.boot.autoconfigure.orm.jpa.HibernateJpaAutoConfiguration, org.springframework.boot.autoconfigure.transaction.TransactionAutoConfiguration, org.springframework.boot.test.autoconfigure.jdbc.TestDatabaseAutoConfiguration, org.springframework.boot.test.autoconfigure.orm.jpa.TestEntityManagerAutoConfiguration]], org.springframework.boot.test.context.filter.ExcludeFilterContextCustomizer@6797aa63, org.springframework.boot.test.json.DuplicateJsonObjectContextCustomizerFactory$DuplicateJsonObjectContextCustomizer@7488a5a2, org.springframework.boot.test.mock.mockito.MockitoContextCustomizer@0, org.springframework.boot.test.context.SpringBootTestArgs@1, org.springframework.boot.test.context.SpringBootTestWebEnvironment@0], contextLoader = 'org.springframework.boot.test.context.SpringBootContextLoader', parent = [null]], attributes = map['org.springframework.test.context.event.ApplicationEventsTestExecutionListener.recordApplicationEvents' -> false]]
2021-03-15 19:15:08.745  INFO 10351 --- [    Test worker] o.s.t.c.transaction.TransactionContext   : Began transaction (1) for test context [DefaultTestContext@3b62690c testClass = OfficerRepositoryTest, testInstance = com.learning.persistence.dao.OfficerRepositoryTest@164cf422, testMethod = findByLast@OfficerRepositoryTest, testException = [null], mergedContextConfiguration = [MergedContextConfiguration@727bc7fa testClass = OfficerRepositoryTest, locations = '{}', classes = '{class com.learning.persistence.PersistenceApplication}', contextInitializerClasses = '[]', activeProfiles = '{}', propertySourceLocations = '{}', propertySourceProperties = '{org.springframework.boot.test.autoconfigure.orm.jpa.DataJpaTestContextBootstrapper=true}', contextCustomizers = set[org.springframework.boot.test.autoconfigure.OverrideAutoConfigurationContextCustomizerFactory$DisableAutoConfigurationContextCustomizer@6282d6e8, org.springframework.boot.test.autoconfigure.actuate.metrics.MetricsExportContextCustomizerFactory$DisableMetricExportContextCustomizer@2c7e3237, org.springframework.boot.test.autoconfigure.filter.TypeExcludeFiltersContextCustomizer@351584c0, org.springframework.boot.test.autoconfigure.properties.PropertyMappingContextCustomizer@cc90746a, org.springframework.boot.test.autoconfigure.web.servlet.WebDriverContextCustomizerFactory$Customizer@f1d5349, [ImportsContextCustomizer@2108cf93 key = [org.springframework.boot.autoconfigure.cache.CacheAutoConfiguration, org.springframework.boot.autoconfigure.data.jpa.JpaRepositoriesAutoConfiguration, org.springframework.boot.autoconfigure.flyway.FlywayAutoConfiguration, org.springframework.boot.autoconfigure.jdbc.DataSourceAutoConfiguration, org.springframework.boot.autoconfigure.jdbc.DataSourceTransactionManagerAutoConfiguration, org.springframework.boot.autoconfigure.jdbc.JdbcTemplateAutoConfiguration, org.springframework.boot.autoconfigure.liquibase.LiquibaseAutoConfiguration, org.springframework.boot.autoconfigure.orm.jpa.HibernateJpaAutoConfiguration, org.springframework.boot.autoconfigure.transaction.TransactionAutoConfiguration, org.springframework.boot.test.autoconfigure.jdbc.TestDatabaseAutoConfiguration, org.springframework.boot.test.autoconfigure.orm.jpa.TestEntityManagerAutoConfiguration]], org.springframework.boot.test.context.filter.ExcludeFilterContextCustomizer@6797aa63, org.springframework.boot.test.json.DuplicateJsonObjectContextCustomizerFactory$DuplicateJsonObjectContextCustomizer@7488a5a2, org.springframework.boot.test.mock.mockito.MockitoContextCustomizer@0, org.springframework.boot.test.context.SpringBootTestArgs@1, org.springframework.boot.test.context.SpringBootTestWebEnvironment@0], contextLoader = 'org.springframework.boot.test.context.SpringBootContextLoader', parent = [null]], attributes = map['org.springframework.test.context.event.ApplicationEventsTestExecutionListener.recordApplicationEvents' -> false]]; transaction manager [org.springframework.orm.jpa.JpaTransactionManager@34ba71e0]; rollback [true]
2021-03-15 19:15:08.759 DEBUG 10351 --- [    Test worker] org.hibernate.SQL                        : 
    select
        officer0_.id as id1_0_,
        officer0_.first_name as first_na2_0_,
        officer0_.last_name as last_nam3_0_,
        officer0_.rank as rank4_0_ 
    from
        officers officer0_ 
    where
        officer0_.last_name=?
Hibernate: 
    select
        officer0_.id as id1_0_,
        officer0_.first_name as first_na2_0_,
        officer0_.last_name as last_nam3_0_,
        officer0_.rank as rank4_0_ 
    from
        officers officer0_ 
    where
        officer0_.last_name=?
2021-03-15 19:15:08.763  INFO 10351 --- [    Test worker] o.s.t.c.transaction.TransactionContext   : Rolled back transaction for test: [DefaultTestContext@3b62690c testClass = OfficerRepositoryTest, testInstance = com.learning.persistence.dao.OfficerRepositoryTest@164cf422, testMethod = findByLast@OfficerRepositoryTest, testException = [null], mergedContextConfiguration = [MergedContextConfiguration@727bc7fa testClass = OfficerRepositoryTest, locations = '{}', classes = '{class com.learning.persistence.PersistenceApplication}', contextInitializerClasses = '[]', activeProfiles = '{}', propertySourceLocations = '{}', propertySourceProperties = '{org.springframework.boot.test.autoconfigure.orm.jpa.DataJpaTestContextBootstrapper=true}', contextCustomizers = set[org.springframework.boot.test.autoconfigure.OverrideAutoConfigurationContextCustomizerFactory$DisableAutoConfigurationContextCustomizer@6282d6e8, org.springframework.boot.test.autoconfigure.actuate.metrics.MetricsExportContextCustomizerFactory$DisableMetricExportContextCustomizer@2c7e3237, org.springframework.boot.test.autoconfigure.filter.TypeExcludeFiltersContextCustomizer@351584c0, org.springframework.boot.test.autoconfigure.properties.PropertyMappingContextCustomizer@cc90746a, org.springframework.boot.test.autoconfigure.web.servlet.WebDriverContextCustomizerFactory$Customizer@f1d5349, [ImportsContextCustomizer@2108cf93 key = [org.springframework.boot.autoconfigure.cache.CacheAutoConfiguration, org.springframework.boot.autoconfigure.data.jpa.JpaRepositoriesAutoConfiguration, org.springframework.boot.autoconfigure.flyway.FlywayAutoConfiguration, org.springframework.boot.autoconfigure.jdbc.DataSourceAutoConfiguration, org.springframework.boot.autoconfigure.jdbc.DataSourceTransactionManagerAutoConfiguration, org.springframework.boot.autoconfigure.jdbc.JdbcTemplateAutoConfiguration, org.springframework.boot.autoconfigure.liquibase.LiquibaseAutoConfiguration, org.springframework.boot.autoconfigure.orm.jpa.HibernateJpaAutoConfiguration, org.springframework.boot.autoconfigure.transaction.TransactionAutoConfiguration, org.springframework.boot.test.autoconfigure.jdbc.TestDatabaseAutoConfiguration, org.springframework.boot.test.autoconfigure.orm.jpa.TestEntityManagerAutoConfiguration]], org.springframework.boot.test.context.filter.ExcludeFilterContextCustomizer@6797aa63, org.springframework.boot.test.json.DuplicateJsonObjectContextCustomizerFactory$DuplicateJsonObjectContextCustomizer@7488a5a2, org.springframework.boot.test.mock.mockito.MockitoContextCustomizer@0, org.springframework.boot.test.context.SpringBootTestArgs@1, org.springframework.boot.test.context.SpringBootTestWebEnvironment@0], contextLoader = 'org.springframework.boot.test.context.SpringBootContextLoader', parent = [null]], attributes = map['org.springframework.test.context.event.ApplicationEventsTestExecutionListener.recordApplicationEvents' -> false]]
2021-03-15 19:15:08.766  INFO 10351 --- [    Test worker] o.s.t.c.transaction.TransactionContext   : Began transaction (1) for test context [DefaultTestContext@3b62690c testClass = OfficerRepositoryTest, testInstance = com.learning.persistence.dao.OfficerRepositoryTest@7111f6c, testMethod = findByRank@OfficerRepositoryTest, testException = [null], mergedContextConfiguration = [MergedContextConfiguration@727bc7fa testClass = OfficerRepositoryTest, locations = '{}', classes = '{class com.learning.persistence.PersistenceApplication}', contextInitializerClasses = '[]', activeProfiles = '{}', propertySourceLocations = '{}', propertySourceProperties = '{org.springframework.boot.test.autoconfigure.orm.jpa.DataJpaTestContextBootstrapper=true}', contextCustomizers = set[org.springframework.boot.test.autoconfigure.OverrideAutoConfigurationContextCustomizerFactory$DisableAutoConfigurationContextCustomizer@6282d6e8, org.springframework.boot.test.autoconfigure.actuate.metrics.MetricsExportContextCustomizerFactory$DisableMetricExportContextCustomizer@2c7e3237, org.springframework.boot.test.autoconfigure.filter.TypeExcludeFiltersContextCustomizer@351584c0, org.springframework.boot.test.autoconfigure.properties.PropertyMappingContextCustomizer@cc90746a, org.springframework.boot.test.autoconfigure.web.servlet.WebDriverContextCustomizerFactory$Customizer@f1d5349, [ImportsContextCustomizer@2108cf93 key = [org.springframework.boot.autoconfigure.cache.CacheAutoConfiguration, org.springframework.boot.autoconfigure.data.jpa.JpaRepositoriesAutoConfiguration, org.springframework.boot.autoconfigure.flyway.FlywayAutoConfiguration, org.springframework.boot.autoconfigure.jdbc.DataSourceAutoConfiguration, org.springframework.boot.autoconfigure.jdbc.DataSourceTransactionManagerAutoConfiguration, org.springframework.boot.autoconfigure.jdbc.JdbcTemplateAutoConfiguration, org.springframework.boot.autoconfigure.liquibase.LiquibaseAutoConfiguration, org.springframework.boot.autoconfigure.orm.jpa.HibernateJpaAutoConfiguration, org.springframework.boot.autoconfigure.transaction.TransactionAutoConfiguration, org.springframework.boot.test.autoconfigure.jdbc.TestDatabaseAutoConfiguration, org.springframework.boot.test.autoconfigure.orm.jpa.TestEntityManagerAutoConfiguration]], org.springframework.boot.test.context.filter.ExcludeFilterContextCustomizer@6797aa63, org.springframework.boot.test.json.DuplicateJsonObjectContextCustomizerFactory$DuplicateJsonObjectContextCustomizer@7488a5a2, org.springframework.boot.test.mock.mockito.MockitoContextCustomizer@0, org.springframework.boot.test.context.SpringBootTestArgs@1, org.springframework.boot.test.context.SpringBootTestWebEnvironment@0], contextLoader = 'org.springframework.boot.test.context.SpringBootContextLoader', parent = [null]], attributes = map['org.springframework.test.context.event.ApplicationEventsTestExecutionListener.recordApplicationEvents' -> false]]; transaction manager [org.springframework.orm.jpa.JpaTransactionManager@34ba71e0]; rollback [true]
2021-03-15 19:15:08.769 DEBUG 10351 --- [    Test worker] org.hibernate.SQL                        : 
    select
        officer0_.id as id1_0_,
        officer0_.first_name as first_na2_0_,
        officer0_.last_name as last_nam3_0_,
        officer0_.rank as rank4_0_ 
    from
        officers officer0_ 
    where
        officer0_.rank=?
Hibernate: 
    select
        officer0_.id as id1_0_,
        officer0_.first_name as first_na2_0_,
        officer0_.last_name as last_nam3_0_,
        officer0_.rank as rank4_0_ 
    from
        officers officer0_ 
    where
        officer0_.rank=?
2021-03-15 19:15:08.774  INFO 10351 --- [    Test worker] o.s.t.c.transaction.TransactionContext   : Rolled back transaction for test: [DefaultTestContext@3b62690c testClass = OfficerRepositoryTest, testInstance = com.learning.persistence.dao.OfficerRepositoryTest@7111f6c, testMethod = findByRank@OfficerRepositoryTest, testException = [null], mergedContextConfiguration = [MergedContextConfiguration@727bc7fa testClass = OfficerRepositoryTest, locations = '{}', classes = '{class com.learning.persistence.PersistenceApplication}', contextInitializerClasses = '[]', activeProfiles = '{}', propertySourceLocations = '{}', propertySourceProperties = '{org.springframework.boot.test.autoconfigure.orm.jpa.DataJpaTestContextBootstrapper=true}', contextCustomizers = set[org.springframework.boot.test.autoconfigure.OverrideAutoConfigurationContextCustomizerFactory$DisableAutoConfigurationContextCustomizer@6282d6e8, org.springframework.boot.test.autoconfigure.actuate.metrics.MetricsExportContextCustomizerFactory$DisableMetricExportContextCustomizer@2c7e3237, org.springframework.boot.test.autoconfigure.filter.TypeExcludeFiltersContextCustomizer@351584c0, org.springframework.boot.test.autoconfigure.properties.PropertyMappingContextCustomizer@cc90746a, org.springframework.boot.test.autoconfigure.web.servlet.WebDriverContextCustomizerFactory$Customizer@f1d5349, [ImportsContextCustomizer@2108cf93 key = [org.springframework.boot.autoconfigure.cache.CacheAutoConfiguration, org.springframework.boot.autoconfigure.data.jpa.JpaRepositoriesAutoConfiguration, org.springframework.boot.autoconfigure.flyway.FlywayAutoConfiguration, org.springframework.boot.autoconfigure.jdbc.DataSourceAutoConfiguration, org.springframework.boot.autoconfigure.jdbc.DataSourceTransactionManagerAutoConfiguration, org.springframework.boot.autoconfigure.jdbc.JdbcTemplateAutoConfiguration, org.springframework.boot.autoconfigure.liquibase.LiquibaseAutoConfiguration, org.springframework.boot.autoconfigure.orm.jpa.HibernateJpaAutoConfiguration, org.springframework.boot.autoconfigure.transaction.TransactionAutoConfiguration, org.springframework.boot.test.autoconfigure.jdbc.TestDatabaseAutoConfiguration, org.springframework.boot.test.autoconfigure.orm.jpa.TestEntityManagerAutoConfiguration]], org.springframework.boot.test.context.filter.ExcludeFilterContextCustomizer@6797aa63, org.springframework.boot.test.json.DuplicateJsonObjectContextCustomizerFactory$DuplicateJsonObjectContextCustomizer@7488a5a2, org.springframework.boot.test.mock.mockito.MockitoContextCustomizer@0, org.springframework.boot.test.context.SpringBootTestArgs@1, org.springframework.boot.test.context.SpringBootTestWebEnvironment@0], contextLoader = 'org.springframework.boot.test.context.SpringBootContextLoader', parent = [null]], attributes = map['org.springframework.test.context.event.ApplicationEventsTestExecutionListener.recordApplicationEvents' -> false]]
2021-03-15 19:15:08.777  INFO 10351 --- [    Test worker] o.s.t.c.transaction.TransactionContext   : Began transaction (1) for test context [DefaultTestContext@3b62690c testClass = OfficerRepositoryTest, testInstance = com.learning.persistence.dao.OfficerRepositoryTest@7b088094, testMethod = doesNotExist@OfficerRepositoryTest, testException = [null], mergedContextConfiguration = [MergedContextConfiguration@727bc7fa testClass = OfficerRepositoryTest, locations = '{}', classes = '{class com.learning.persistence.PersistenceApplication}', contextInitializerClasses = '[]', activeProfiles = '{}', propertySourceLocations = '{}', propertySourceProperties = '{org.springframework.boot.test.autoconfigure.orm.jpa.DataJpaTestContextBootstrapper=true}', contextCustomizers = set[org.springframework.boot.test.autoconfigure.OverrideAutoConfigurationContextCustomizerFactory$DisableAutoConfigurationContextCustomizer@6282d6e8, org.springframework.boot.test.autoconfigure.actuate.metrics.MetricsExportContextCustomizerFactory$DisableMetricExportContextCustomizer@2c7e3237, org.springframework.boot.test.autoconfigure.filter.TypeExcludeFiltersContextCustomizer@351584c0, org.springframework.boot.test.autoconfigure.properties.PropertyMappingContextCustomizer@cc90746a, org.springframework.boot.test.autoconfigure.web.servlet.WebDriverContextCustomizerFactory$Customizer@f1d5349, [ImportsContextCustomizer@2108cf93 key = [org.springframework.boot.autoconfigure.cache.CacheAutoConfiguration, org.springframework.boot.autoconfigure.data.jpa.JpaRepositoriesAutoConfiguration, org.springframework.boot.autoconfigure.flyway.FlywayAutoConfiguration, org.springframework.boot.autoconfigure.jdbc.DataSourceAutoConfiguration, org.springframework.boot.autoconfigure.jdbc.DataSourceTransactionManagerAutoConfiguration, org.springframework.boot.autoconfigure.jdbc.JdbcTemplateAutoConfiguration, org.springframework.boot.autoconfigure.liquibase.LiquibaseAutoConfiguration, org.springframework.boot.autoconfigure.orm.jpa.HibernateJpaAutoConfiguration, org.springframework.boot.autoconfigure.transaction.TransactionAutoConfiguration, org.springframework.boot.test.autoconfigure.jdbc.TestDatabaseAutoConfiguration, org.springframework.boot.test.autoconfigure.orm.jpa.TestEntityManagerAutoConfiguration]], org.springframework.boot.test.context.filter.ExcludeFilterContextCustomizer@6797aa63, org.springframework.boot.test.json.DuplicateJsonObjectContextCustomizerFactory$DuplicateJsonObjectContextCustomizer@7488a5a2, org.springframework.boot.test.mock.mockito.MockitoContextCustomizer@0, org.springframework.boot.test.context.SpringBootTestArgs@1, org.springframework.boot.test.context.SpringBootTestWebEnvironment@0], contextLoader = 'org.springframework.boot.test.context.SpringBootContextLoader', parent = [null]], attributes = map['org.springframework.test.context.event.ApplicationEventsTestExecutionListener.recordApplicationEvents' -> false]]; transaction manager [org.springframework.orm.jpa.JpaTransactionManager@34ba71e0]; rollback [true]
2021-03-15 19:15:08.778 DEBUG 10351 --- [    Test worker] o.s.jdbc.core.JdbcTemplate               : Executing SQL query [select id from officers]
2021-03-15 19:15:08.784 DEBUG 10351 --- [    Test worker] org.hibernate.SQL                        : 
    select
        count(*) as col_0_0_ 
    from
        officers officer0_ 
    where
        officer0_.id=?
Hibernate: 
    select
        count(*) as col_0_0_ 
    from
        officers officer0_ 
    where
        officer0_.id=?
2021-03-15 19:15:08.791  INFO 10351 --- [    Test worker] o.s.t.c.transaction.TransactionContext   : Rolled back transaction for test: [DefaultTestContext@3b62690c testClass = OfficerRepositoryTest, testInstance = com.learning.persistence.dao.OfficerRepositoryTest@7b088094, testMethod = doesNotExist@OfficerRepositoryTest, testException = [null], mergedContextConfiguration = [MergedContextConfiguration@727bc7fa testClass = OfficerRepositoryTest, locations = '{}', classes = '{class com.learning.persistence.PersistenceApplication}', contextInitializerClasses = '[]', activeProfiles = '{}', propertySourceLocations = '{}', propertySourceProperties = '{org.springframework.boot.test.autoconfigure.orm.jpa.DataJpaTestContextBootstrapper=true}', contextCustomizers = set[org.springframework.boot.test.autoconfigure.OverrideAutoConfigurationContextCustomizerFactory$DisableAutoConfigurationContextCustomizer@6282d6e8, org.springframework.boot.test.autoconfigure.actuate.metrics.MetricsExportContextCustomizerFactory$DisableMetricExportContextCustomizer@2c7e3237, org.springframework.boot.test.autoconfigure.filter.TypeExcludeFiltersContextCustomizer@351584c0, org.springframework.boot.test.autoconfigure.properties.PropertyMappingContextCustomizer@cc90746a, org.springframework.boot.test.autoconfigure.web.servlet.WebDriverContextCustomizerFactory$Customizer@f1d5349, [ImportsContextCustomizer@2108cf93 key = [org.springframework.boot.autoconfigure.cache.CacheAutoConfiguration, org.springframework.boot.autoconfigure.data.jpa.JpaRepositoriesAutoConfiguration, org.springframework.boot.autoconfigure.flyway.FlywayAutoConfiguration, org.springframework.boot.autoconfigure.jdbc.DataSourceAutoConfiguration, org.springframework.boot.autoconfigure.jdbc.DataSourceTransactionManagerAutoConfiguration, org.springframework.boot.autoconfigure.jdbc.JdbcTemplateAutoConfiguration, org.springframework.boot.autoconfigure.liquibase.LiquibaseAutoConfiguration, org.springframework.boot.autoconfigure.orm.jpa.HibernateJpaAutoConfiguration, org.springframework.boot.autoconfigure.transaction.TransactionAutoConfiguration, org.springframework.boot.test.autoconfigure.jdbc.TestDatabaseAutoConfiguration, org.springframework.boot.test.autoconfigure.orm.jpa.TestEntityManagerAutoConfiguration]], org.springframework.boot.test.context.filter.ExcludeFilterContextCustomizer@6797aa63, org.springframework.boot.test.json.DuplicateJsonObjectContextCustomizerFactory$DuplicateJsonObjectContextCustomizer@7488a5a2, org.springframework.boot.test.mock.mockito.MockitoContextCustomizer@0, org.springframework.boot.test.context.SpringBootTestArgs@1, org.springframework.boot.test.context.SpringBootTestWebEnvironment@0], contextLoader = 'org.springframework.boot.test.context.SpringBootContextLoader', parent = [null]], attributes = map['org.springframework.test.context.event.ApplicationEventsTestExecutionListener.recordApplicationEvents' -> false]]
2021-03-15 19:15:08.794  INFO 10351 --- [    Test worker] o.s.t.c.transaction.TransactionContext   : Began transaction (1) for test context [DefaultTestContext@3b62690c testClass = OfficerRepositoryTest, testInstance = com.learning.persistence.dao.OfficerRepositoryTest@5c26850c, testMethod = count@OfficerRepositoryTest, testException = [null], mergedContextConfiguration = [MergedContextConfiguration@727bc7fa testClass = OfficerRepositoryTest, locations = '{}', classes = '{class com.learning.persistence.PersistenceApplication}', contextInitializerClasses = '[]', activeProfiles = '{}', propertySourceLocations = '{}', propertySourceProperties = '{org.springframework.boot.test.autoconfigure.orm.jpa.DataJpaTestContextBootstrapper=true}', contextCustomizers = set[org.springframework.boot.test.autoconfigure.OverrideAutoConfigurationContextCustomizerFactory$DisableAutoConfigurationContextCustomizer@6282d6e8, org.springframework.boot.test.autoconfigure.actuate.metrics.MetricsExportContextCustomizerFactory$DisableMetricExportContextCustomizer@2c7e3237, org.springframework.boot.test.autoconfigure.filter.TypeExcludeFiltersContextCustomizer@351584c0, org.springframework.boot.test.autoconfigure.properties.PropertyMappingContextCustomizer@cc90746a, org.springframework.boot.test.autoconfigure.web.servlet.WebDriverContextCustomizerFactory$Customizer@f1d5349, [ImportsContextCustomizer@2108cf93 key = [org.springframework.boot.autoconfigure.cache.CacheAutoConfiguration, org.springframework.boot.autoconfigure.data.jpa.JpaRepositoriesAutoConfiguration, org.springframework.boot.autoconfigure.flyway.FlywayAutoConfiguration, org.springframework.boot.autoconfigure.jdbc.DataSourceAutoConfiguration, org.springframework.boot.autoconfigure.jdbc.DataSourceTransactionManagerAutoConfiguration, org.springframework.boot.autoconfigure.jdbc.JdbcTemplateAutoConfiguration, org.springframework.boot.autoconfigure.liquibase.LiquibaseAutoConfiguration, org.springframework.boot.autoconfigure.orm.jpa.HibernateJpaAutoConfiguration, org.springframework.boot.autoconfigure.transaction.TransactionAutoConfiguration, org.springframework.boot.test.autoconfigure.jdbc.TestDatabaseAutoConfiguration, org.springframework.boot.test.autoconfigure.orm.jpa.TestEntityManagerAutoConfiguration]], org.springframework.boot.test.context.filter.ExcludeFilterContextCustomizer@6797aa63, org.springframework.boot.test.json.DuplicateJsonObjectContextCustomizerFactory$DuplicateJsonObjectContextCustomizer@7488a5a2, org.springframework.boot.test.mock.mockito.MockitoContextCustomizer@0, org.springframework.boot.test.context.SpringBootTestArgs@1, org.springframework.boot.test.context.SpringBootTestWebEnvironment@0], contextLoader = 'org.springframework.boot.test.context.SpringBootContextLoader', parent = [null]], attributes = map['org.springframework.test.context.event.ApplicationEventsTestExecutionListener.recordApplicationEvents' -> false]]; transaction manager [org.springframework.orm.jpa.JpaTransactionManager@34ba71e0]; rollback [true]
2021-03-15 19:15:08.797 DEBUG 10351 --- [    Test worker] org.hibernate.SQL                        : 
    select
        count(*) as col_0_0_ 
    from
        officers officer0_
Hibernate: 
    select
        count(*) as col_0_0_ 
    from
        officers officer0_
2021-03-15 19:15:08.800  INFO 10351 --- [    Test worker] o.s.t.c.transaction.TransactionContext   : Rolled back transaction for test: [DefaultTestContext@3b62690c testClass = OfficerRepositoryTest, testInstance = com.learning.persistence.dao.OfficerRepositoryTest@5c26850c, testMethod = count@OfficerRepositoryTest, testException = [null], mergedContextConfiguration = [MergedContextConfiguration@727bc7fa testClass = OfficerRepositoryTest, locations = '{}', classes = '{class com.learning.persistence.PersistenceApplication}', contextInitializerClasses = '[]', activeProfiles = '{}', propertySourceLocations = '{}', propertySourceProperties = '{org.springframework.boot.test.autoconfigure.orm.jpa.DataJpaTestContextBootstrapper=true}', contextCustomizers = set[org.springframework.boot.test.autoconfigure.OverrideAutoConfigurationContextCustomizerFactory$DisableAutoConfigurationContextCustomizer@6282d6e8, org.springframework.boot.test.autoconfigure.actuate.metrics.MetricsExportContextCustomizerFactory$DisableMetricExportContextCustomizer@2c7e3237, org.springframework.boot.test.autoconfigure.filter.TypeExcludeFiltersContextCustomizer@351584c0, org.springframework.boot.test.autoconfigure.properties.PropertyMappingContextCustomizer@cc90746a, org.springframework.boot.test.autoconfigure.web.servlet.WebDriverContextCustomizerFactory$Customizer@f1d5349, [ImportsContextCustomizer@2108cf93 key = [org.springframework.boot.autoconfigure.cache.CacheAutoConfiguration, org.springframework.boot.autoconfigure.data.jpa.JpaRepositoriesAutoConfiguration, org.springframework.boot.autoconfigure.flyway.FlywayAutoConfiguration, org.springframework.boot.autoconfigure.jdbc.DataSourceAutoConfiguration, org.springframework.boot.autoconfigure.jdbc.DataSourceTransactionManagerAutoConfiguration, org.springframework.boot.autoconfigure.jdbc.JdbcTemplateAutoConfiguration, org.springframework.boot.autoconfigure.liquibase.LiquibaseAutoConfiguration, org.springframework.boot.autoconfigure.orm.jpa.HibernateJpaAutoConfiguration, org.springframework.boot.autoconfigure.transaction.TransactionAutoConfiguration, org.springframework.boot.test.autoconfigure.jdbc.TestDatabaseAutoConfiguration, org.springframework.boot.test.autoconfigure.orm.jpa.TestEntityManagerAutoConfiguration]], org.springframework.boot.test.context.filter.ExcludeFilterContextCustomizer@6797aa63, org.springframework.boot.test.json.DuplicateJsonObjectContextCustomizerFactory$DuplicateJsonObjectContextCustomizer@7488a5a2, org.springframework.boot.test.mock.mockito.MockitoContextCustomizer@0, org.springframework.boot.test.context.SpringBootTestArgs@1, org.springframework.boot.test.context.SpringBootTestWebEnvironment@0], contextLoader = 'org.springframework.boot.test.context.SpringBootContextLoader', parent = [null]], attributes = map['org.springframework.test.context.event.ApplicationEventsTestExecutionListener.recordApplicationEvents' -> false]]
2021-03-15 19:15:08.802  INFO 10351 --- [    Test worker] o.s.t.c.transaction.TransactionContext   : Began transaction (1) for test context [DefaultTestContext@3b62690c testClass = OfficerRepositoryTest, testInstance = com.learning.persistence.dao.OfficerRepositoryTest@1b668a8c, testMethod = existsById@OfficerRepositoryTest, testException = [null], mergedContextConfiguration = [MergedContextConfiguration@727bc7fa testClass = OfficerRepositoryTest, locations = '{}', classes = '{class com.learning.persistence.PersistenceApplication}', contextInitializerClasses = '[]', activeProfiles = '{}', propertySourceLocations = '{}', propertySourceProperties = '{org.springframework.boot.test.autoconfigure.orm.jpa.DataJpaTestContextBootstrapper=true}', contextCustomizers = set[org.springframework.boot.test.autoconfigure.OverrideAutoConfigurationContextCustomizerFactory$DisableAutoConfigurationContextCustomizer@6282d6e8, org.springframework.boot.test.autoconfigure.actuate.metrics.MetricsExportContextCustomizerFactory$DisableMetricExportContextCustomizer@2c7e3237, org.springframework.boot.test.autoconfigure.filter.TypeExcludeFiltersContextCustomizer@351584c0, org.springframework.boot.test.autoconfigure.properties.PropertyMappingContextCustomizer@cc90746a, org.springframework.boot.test.autoconfigure.web.servlet.WebDriverContextCustomizerFactory$Customizer@f1d5349, [ImportsContextCustomizer@2108cf93 key = [org.springframework.boot.autoconfigure.cache.CacheAutoConfiguration, org.springframework.boot.autoconfigure.data.jpa.JpaRepositoriesAutoConfiguration, org.springframework.boot.autoconfigure.flyway.FlywayAutoConfiguration, org.springframework.boot.autoconfigure.jdbc.DataSourceAutoConfiguration, org.springframework.boot.autoconfigure.jdbc.DataSourceTransactionManagerAutoConfiguration, org.springframework.boot.autoconfigure.jdbc.JdbcTemplateAutoConfiguration, org.springframework.boot.autoconfigure.liquibase.LiquibaseAutoConfiguration, org.springframework.boot.autoconfigure.orm.jpa.HibernateJpaAutoConfiguration, org.springframework.boot.autoconfigure.transaction.TransactionAutoConfiguration, org.springframework.boot.test.autoconfigure.jdbc.TestDatabaseAutoConfiguration, org.springframework.boot.test.autoconfigure.orm.jpa.TestEntityManagerAutoConfiguration]], org.springframework.boot.test.context.filter.ExcludeFilterContextCustomizer@6797aa63, org.springframework.boot.test.json.DuplicateJsonObjectContextCustomizerFactory$DuplicateJsonObjectContextCustomizer@7488a5a2, org.springframework.boot.test.mock.mockito.MockitoContextCustomizer@0, org.springframework.boot.test.context.SpringBootTestArgs@1, org.springframework.boot.test.context.SpringBootTestWebEnvironment@0], contextLoader = 'org.springframework.boot.test.context.SpringBootContextLoader', parent = [null]], attributes = map['org.springframework.test.context.event.ApplicationEventsTestExecutionListener.recordApplicationEvents' -> false]]; transaction manager [org.springframework.orm.jpa.JpaTransactionManager@34ba71e0]; rollback [true]
2021-03-15 19:15:08.804 DEBUG 10351 --- [    Test worker] o.s.jdbc.core.JdbcTemplate               : Executing SQL query [select id from officers]
2021-03-15 19:15:08.806 DEBUG 10351 --- [    Test worker] org.hibernate.SQL                        : 
    select
        count(*) as col_0_0_ 
    from
        officers officer0_ 
    where
        officer0_.id=?
Hibernate: 
    select
        count(*) as col_0_0_ 
    from
        officers officer0_ 
    where
        officer0_.id=?
2021-03-15 19:15:08.807 DEBUG 10351 --- [    Test worker] org.hibernate.SQL                        : 
    select
        count(*) as col_0_0_ 
    from
        officers officer0_ 
    where
        officer0_.id=?
Hibernate: 
    select
        count(*) as col_0_0_ 
    from
        officers officer0_ 
    where
        officer0_.id=?
2021-03-15 19:15:08.808 DEBUG 10351 --- [    Test worker] org.hibernate.SQL                        : 
    select
        count(*) as col_0_0_ 
    from
        officers officer0_ 
    where
        officer0_.id=?
Hibernate: 
    select
        count(*) as col_0_0_ 
    from
        officers officer0_ 
    where
        officer0_.id=?
2021-03-15 19:15:08.809 DEBUG 10351 --- [    Test worker] org.hibernate.SQL                        : 
    select
        count(*) as col_0_0_ 
    from
        officers officer0_ 
    where
        officer0_.id=?
Hibernate: 
    select
        count(*) as col_0_0_ 
    from
        officers officer0_ 
    where
        officer0_.id=?
2021-03-15 19:15:08.810 DEBUG 10351 --- [    Test worker] org.hibernate.SQL                        : 
    select
        count(*) as col_0_0_ 
    from
        officers officer0_ 
    where
        officer0_.id=?
Hibernate: 
    select
        count(*) as col_0_0_ 
    from
        officers officer0_ 
    where
        officer0_.id=?
2021-03-15 19:15:08.812  INFO 10351 --- [    Test worker] o.s.t.c.transaction.TransactionContext   : Rolled back transaction for test: [DefaultTestContext@3b62690c testClass = OfficerRepositoryTest, testInstance = com.learning.persistence.dao.OfficerRepositoryTest@1b668a8c, testMethod = existsById@OfficerRepositoryTest, testException = [null], mergedContextConfiguration = [MergedContextConfiguration@727bc7fa testClass = OfficerRepositoryTest, locations = '{}', classes = '{class com.learning.persistence.PersistenceApplication}', contextInitializerClasses = '[]', activeProfiles = '{}', propertySourceLocations = '{}', propertySourceProperties = '{org.springframework.boot.test.autoconfigure.orm.jpa.DataJpaTestContextBootstrapper=true}', contextCustomizers = set[org.springframework.boot.test.autoconfigure.OverrideAutoConfigurationContextCustomizerFactory$DisableAutoConfigurationContextCustomizer@6282d6e8, org.springframework.boot.test.autoconfigure.actuate.metrics.MetricsExportContextCustomizerFactory$DisableMetricExportContextCustomizer@2c7e3237, org.springframework.boot.test.autoconfigure.filter.TypeExcludeFiltersContextCustomizer@351584c0, org.springframework.boot.test.autoconfigure.properties.PropertyMappingContextCustomizer@cc90746a, org.springframework.boot.test.autoconfigure.web.servlet.WebDriverContextCustomizerFactory$Customizer@f1d5349, [ImportsContextCustomizer@2108cf93 key = [org.springframework.boot.autoconfigure.cache.CacheAutoConfiguration, org.springframework.boot.autoconfigure.data.jpa.JpaRepositoriesAutoConfiguration, org.springframework.boot.autoconfigure.flyway.FlywayAutoConfiguration, org.springframework.boot.autoconfigure.jdbc.DataSourceAutoConfiguration, org.springframework.boot.autoconfigure.jdbc.DataSourceTransactionManagerAutoConfiguration, org.springframework.boot.autoconfigure.jdbc.JdbcTemplateAutoConfiguration, org.springframework.boot.autoconfigure.liquibase.LiquibaseAutoConfiguration, org.springframework.boot.autoconfigure.orm.jpa.HibernateJpaAutoConfiguration, org.springframework.boot.autoconfigure.transaction.TransactionAutoConfiguration, org.springframework.boot.test.autoconfigure.jdbc.TestDatabaseAutoConfiguration, org.springframework.boot.test.autoconfigure.orm.jpa.TestEntityManagerAutoConfiguration]], org.springframework.boot.test.context.filter.ExcludeFilterContextCustomizer@6797aa63, org.springframework.boot.test.json.DuplicateJsonObjectContextCustomizerFactory$DuplicateJsonObjectContextCustomizer@7488a5a2, org.springframework.boot.test.mock.mockito.MockitoContextCustomizer@0, org.springframework.boot.test.context.SpringBootTestArgs@1, org.springframework.boot.test.context.SpringBootTestWebEnvironment@0], contextLoader = 'org.springframework.boot.test.context.SpringBootContextLoader', parent = [null]], attributes = map['org.springframework.test.context.event.ApplicationEventsTestExecutionListener.recordApplicationEvents' -> false]]
2021-03-15 19:15:08.815  INFO 10351 --- [    Test worker] o.s.t.c.transaction.TransactionContext   : Began transaction (1) for test context [DefaultTestContext@3b62690c testClass = OfficerRepositoryTest, testInstance = com.learning.persistence.dao.OfficerRepositoryTest@324547, testMethod = deleteById@OfficerRepositoryTest, testException = [null], mergedContextConfiguration = [MergedContextConfiguration@727bc7fa testClass = OfficerRepositoryTest, locations = '{}', classes = '{class com.learning.persistence.PersistenceApplication}', contextInitializerClasses = '[]', activeProfiles = '{}', propertySourceLocations = '{}', propertySourceProperties = '{org.springframework.boot.test.autoconfigure.orm.jpa.DataJpaTestContextBootstrapper=true}', contextCustomizers = set[org.springframework.boot.test.autoconfigure.OverrideAutoConfigurationContextCustomizerFactory$DisableAutoConfigurationContextCustomizer@6282d6e8, org.springframework.boot.test.autoconfigure.actuate.metrics.MetricsExportContextCustomizerFactory$DisableMetricExportContextCustomizer@2c7e3237, org.springframework.boot.test.autoconfigure.filter.TypeExcludeFiltersContextCustomizer@351584c0, org.springframework.boot.test.autoconfigure.properties.PropertyMappingContextCustomizer@cc90746a, org.springframework.boot.test.autoconfigure.web.servlet.WebDriverContextCustomizerFactory$Customizer@f1d5349, [ImportsContextCustomizer@2108cf93 key = [org.springframework.boot.autoconfigure.cache.CacheAutoConfiguration, org.springframework.boot.autoconfigure.data.jpa.JpaRepositoriesAutoConfiguration, org.springframework.boot.autoconfigure.flyway.FlywayAutoConfiguration, org.springframework.boot.autoconfigure.jdbc.DataSourceAutoConfiguration, org.springframework.boot.autoconfigure.jdbc.DataSourceTransactionManagerAutoConfiguration, org.springframework.boot.autoconfigure.jdbc.JdbcTemplateAutoConfiguration, org.springframework.boot.autoconfigure.liquibase.LiquibaseAutoConfiguration, org.springframework.boot.autoconfigure.orm.jpa.HibernateJpaAutoConfiguration, org.springframework.boot.autoconfigure.transaction.TransactionAutoConfiguration, org.springframework.boot.test.autoconfigure.jdbc.TestDatabaseAutoConfiguration, org.springframework.boot.test.autoconfigure.orm.jpa.TestEntityManagerAutoConfiguration]], org.springframework.boot.test.context.filter.ExcludeFilterContextCustomizer@6797aa63, org.springframework.boot.test.json.DuplicateJsonObjectContextCustomizerFactory$DuplicateJsonObjectContextCustomizer@7488a5a2, org.springframework.boot.test.mock.mockito.MockitoContextCustomizer@0, org.springframework.boot.test.context.SpringBootTestArgs@1, org.springframework.boot.test.context.SpringBootTestWebEnvironment@0], contextLoader = 'org.springframework.boot.test.context.SpringBootContextLoader', parent = [null]], attributes = map['org.springframework.test.context.event.ApplicationEventsTestExecutionListener.recordApplicationEvents' -> false]]; transaction manager [org.springframework.orm.jpa.JpaTransactionManager@34ba71e0]; rollback [true]
2021-03-15 19:15:08.816 DEBUG 10351 --- [    Test worker] o.s.jdbc.core.JdbcTemplate               : Executing SQL query [select id from officers]
2021-03-15 19:15:08.818 DEBUG 10351 --- [    Test worker] org.hibernate.SQL                        : 
    select
        officer0_.id as id1_0_0_,
        officer0_.first_name as first_na2_0_0_,
        officer0_.last_name as last_nam3_0_0_,
        officer0_.rank as rank4_0_0_ 
    from
        officers officer0_ 
    where
        officer0_.id=?
Hibernate: 
    select
        officer0_.id as id1_0_0_,
        officer0_.first_name as first_na2_0_0_,
        officer0_.last_name as last_nam3_0_0_,
        officer0_.rank as rank4_0_0_ 
    from
        officers officer0_ 
    where
        officer0_.id=?
2021-03-15 19:15:08.822 DEBUG 10351 --- [    Test worker] org.hibernate.SQL                        : 
    select
        officer0_.id as id1_0_0_,
        officer0_.first_name as first_na2_0_0_,
        officer0_.last_name as last_nam3_0_0_,
        officer0_.rank as rank4_0_0_ 
    from
        officers officer0_ 
    where
        officer0_.id=?
Hibernate: 
    select
        officer0_.id as id1_0_0_,
        officer0_.first_name as first_na2_0_0_,
        officer0_.last_name as last_nam3_0_0_,
        officer0_.rank as rank4_0_0_ 
    from
        officers officer0_ 
    where
        officer0_.id=?
2021-03-15 19:15:08.823 DEBUG 10351 --- [    Test worker] org.hibernate.SQL                        : 
    select
        officer0_.id as id1_0_0_,
        officer0_.first_name as first_na2_0_0_,
        officer0_.last_name as last_nam3_0_0_,
        officer0_.rank as rank4_0_0_ 
    from
        officers officer0_ 
    where
        officer0_.id=?
Hibernate: 
    select
        officer0_.id as id1_0_0_,
        officer0_.first_name as first_na2_0_0_,
        officer0_.last_name as last_nam3_0_0_,
        officer0_.rank as rank4_0_0_ 
    from
        officers officer0_ 
    where
        officer0_.id=?
2021-03-15 19:15:08.825 DEBUG 10351 --- [    Test worker] org.hibernate.SQL                        : 
    select
        officer0_.id as id1_0_0_,
        officer0_.first_name as first_na2_0_0_,
        officer0_.last_name as last_nam3_0_0_,
        officer0_.rank as rank4_0_0_ 
    from
        officers officer0_ 
    where
        officer0_.id=?
Hibernate: 
    select
        officer0_.id as id1_0_0_,
        officer0_.first_name as first_na2_0_0_,
        officer0_.last_name as last_nam3_0_0_,
        officer0_.rank as rank4_0_0_ 
    from
        officers officer0_ 
    where
        officer0_.id=?
2021-03-15 19:15:08.826 DEBUG 10351 --- [    Test worker] org.hibernate.SQL                        : 
    select
        officer0_.id as id1_0_0_,
        officer0_.first_name as first_na2_0_0_,
        officer0_.last_name as last_nam3_0_0_,
        officer0_.rank as rank4_0_0_ 
    from
        officers officer0_ 
    where
        officer0_.id=?
Hibernate: 
    select
        officer0_.id as id1_0_0_,
        officer0_.first_name as first_na2_0_0_,
        officer0_.last_name as last_nam3_0_0_,
        officer0_.rank as rank4_0_0_ 
    from
        officers officer0_ 
    where
        officer0_.id=?
2021-03-15 19:15:08.835 DEBUG 10351 --- [    Test worker] org.hibernate.SQL                        : 
    delete 
    from
        officers 
    where
        id=?
Hibernate: 
    delete 
    from
        officers 
    where
        id=?
2021-03-15 19:15:08.838 DEBUG 10351 --- [    Test worker] org.hibernate.SQL                        : 
    delete 
    from
        officers 
    where
        id=?
Hibernate: 
    delete 
    from
        officers 
    where
        id=?
2021-03-15 19:15:08.839 DEBUG 10351 --- [    Test worker] org.hibernate.SQL                        : 
    delete 
    from
        officers 
    where
        id=?
Hibernate: 
    delete 
    from
        officers 
    where
        id=?
2021-03-15 19:15:08.840 DEBUG 10351 --- [    Test worker] org.hibernate.SQL                        : 
    delete 
    from
        officers 
    where
        id=?
Hibernate: 
    delete 
    from
        officers 
    where
        id=?
2021-03-15 19:15:08.840 DEBUG 10351 --- [    Test worker] org.hibernate.SQL                        : 
    delete 
    from
        officers 
    where
        id=?
Hibernate: 
    delete 
    from
        officers 
    where
        id=?
2021-03-15 19:15:08.842 DEBUG 10351 --- [    Test worker] org.hibernate.SQL                        : 
    select
        count(*) as col_0_0_ 
    from
        officers officer0_
Hibernate: 
    select
        count(*) as col_0_0_ 
    from
        officers officer0_
2021-03-15 19:15:08.845  INFO 10351 --- [    Test worker] o.s.t.c.transaction.TransactionContext   : Rolled back transaction for test: [DefaultTestContext@3b62690c testClass = OfficerRepositoryTest, testInstance = com.learning.persistence.dao.OfficerRepositoryTest@324547, testMethod = deleteById@OfficerRepositoryTest, testException = [null], mergedContextConfiguration = [MergedContextConfiguration@727bc7fa testClass = OfficerRepositoryTest, locations = '{}', classes = '{class com.learning.persistence.PersistenceApplication}', contextInitializerClasses = '[]', activeProfiles = '{}', propertySourceLocations = '{}', propertySourceProperties = '{org.springframework.boot.test.autoconfigure.orm.jpa.DataJpaTestContextBootstrapper=true}', contextCustomizers = set[org.springframework.boot.test.autoconfigure.OverrideAutoConfigurationContextCustomizerFactory$DisableAutoConfigurationContextCustomizer@6282d6e8, org.springframework.boot.test.autoconfigure.actuate.metrics.MetricsExportContextCustomizerFactory$DisableMetricExportContextCustomizer@2c7e3237, org.springframework.boot.test.autoconfigure.filter.TypeExcludeFiltersContextCustomizer@351584c0, org.springframework.boot.test.autoconfigure.properties.PropertyMappingContextCustomizer@cc90746a, org.springframework.boot.test.autoconfigure.web.servlet.WebDriverContextCustomizerFactory$Customizer@f1d5349, [ImportsContextCustomizer@2108cf93 key = [org.springframework.boot.autoconfigure.cache.CacheAutoConfiguration, org.springframework.boot.autoconfigure.data.jpa.JpaRepositoriesAutoConfiguration, org.springframework.boot.autoconfigure.flyway.FlywayAutoConfiguration, org.springframework.boot.autoconfigure.jdbc.DataSourceAutoConfiguration, org.springframework.boot.autoconfigure.jdbc.DataSourceTransactionManagerAutoConfiguration, org.springframework.boot.autoconfigure.jdbc.JdbcTemplateAutoConfiguration, org.springframework.boot.autoconfigure.liquibase.LiquibaseAutoConfiguration, org.springframework.boot.autoconfigure.orm.jpa.HibernateJpaAutoConfiguration, org.springframework.boot.autoconfigure.transaction.TransactionAutoConfiguration, org.springframework.boot.test.autoconfigure.jdbc.TestDatabaseAutoConfiguration, org.springframework.boot.test.autoconfigure.orm.jpa.TestEntityManagerAutoConfiguration]], org.springframework.boot.test.context.filter.ExcludeFilterContextCustomizer@6797aa63, org.springframework.boot.test.json.DuplicateJsonObjectContextCustomizerFactory$DuplicateJsonObjectContextCustomizer@7488a5a2, org.springframework.boot.test.mock.mockito.MockitoContextCustomizer@0, org.springframework.boot.test.context.SpringBootTestArgs@1, org.springframework.boot.test.context.SpringBootTestWebEnvironment@0], contextLoader = 'org.springframework.boot.test.context.SpringBootContextLoader', parent = [null]], attributes = map['org.springframework.test.context.event.ApplicationEventsTestExecutionListener.recordApplicationEvents' -> false]]
]]></system-out>
  <system-err><![CDATA[]]></system-err>
</testsuite>
