<?xml version="1.0" encoding="UTF-8"?>
<testsuite name="com.learning.persistence.dao.OfficerRepositoryTest" tests="9" skipped="0" failures="0" errors="0" timestamp="2021-03-15T22:10:06" hostname="rafael-Inspiron-5480" time="0.497">
  <properties/>
  <testcase name="testSave()" classname="com.learning.persistence.dao.OfficerRepositoryTest" time="0.178"/>
  <testcase name="findAll()" classname="com.learning.persistence.dao.OfficerRepositoryTest" time="0.093"/>
  <testcase name="findById()" classname="com.learning.persistence.dao.OfficerRepositoryTest" time="0.036"/>
  <testcase name="findByLast()" classname="com.learning.persistence.dao.OfficerRepositoryTest" time="0.027"/>
  <testcase name="findByRank()" classname="com.learning.persistence.dao.OfficerRepositoryTest" time="0.014"/>
  <testcase name="doesNotExist()" classname="com.learning.persistence.dao.OfficerRepositoryTest" time="0.044"/>
  <testcase name="count()" classname="com.learning.persistence.dao.OfficerRepositoryTest" time="0.01"/>
  <testcase name="existsById()" classname="com.learning.persistence.dao.OfficerRepositoryTest" time="0.021"/>
  <testcase name="deleteById()" classname="com.learning.persistence.dao.OfficerRepositoryTest" time="0.059"/>
  <system-out><![CDATA[19:10:03.800 [Test worker] DEBUG org.springframework.test.context.BootstrapUtils - Instantiating CacheAwareContextLoaderDelegate from class [org.springframework.test.context.cache.DefaultCacheAwareContextLoaderDelegate]
19:10:03.807 [Test worker] DEBUG org.springframework.test.context.BootstrapUtils - Instantiating BootstrapContext using constructor [public org.springframework.test.context.support.DefaultBootstrapContext(java.lang.Class,org.springframework.test.context.CacheAwareContextLoaderDelegate)]
19:10:03.836 [Test worker] DEBUG org.springframework.test.context.BootstrapUtils - Instantiating TestContextBootstrapper for test class [com.learning.persistence.dao.OfficerRepositoryTest] from class [org.springframework.boot.test.autoconfigure.orm.jpa.DataJpaTestContextBootstrapper]
19:10:03.846 [Test worker] INFO org.springframework.boot.test.autoconfigure.orm.jpa.DataJpaTestContextBootstrapper - Neither @ContextConfiguration nor @ContextHierarchy found for test class [com.learning.persistence.dao.OfficerRepositoryTest], using SpringBootContextLoader
19:10:03.849 [Test worker] DEBUG org.springframework.test.context.support.AbstractContextLoader - Did not detect default resource location for test class [com.learning.persistence.dao.OfficerRepositoryTest]: class path resource [com/learning/persistence/dao/OfficerRepositoryTest-context.xml] does not exist
19:10:03.849 [Test worker] DEBUG org.springframework.test.context.support.AbstractContextLoader - Did not detect default resource location for test class [com.learning.persistence.dao.OfficerRepositoryTest]: class path resource [com/learning/persistence/dao/OfficerRepositoryTestContext.groovy] does not exist
19:10:03.849 [Test worker] INFO org.springframework.test.context.support.AbstractContextLoader - Could not detect default resource locations for test class [com.learning.persistence.dao.OfficerRepositoryTest]: no resource found for suffixes {-context.xml, Context.groovy}.
19:10:03.850 [Test worker] INFO org.springframework.test.context.support.AnnotationConfigContextLoaderUtils - Could not detect default configuration classes for test class [com.learning.persistence.dao.OfficerRepositoryTest]: OfficerRepositoryTest does not declare any static, non-private, non-final, nested classes annotated with @Configuration.
19:10:03.895 [Test worker] DEBUG org.springframework.test.context.support.ActiveProfilesUtils - Could not find an 'annotation declaring class' for annotation type [org.springframework.test.context.ActiveProfiles] and class [com.learning.persistence.dao.OfficerRepositoryTest]
19:10:03.941 [Test worker] DEBUG org.springframework.context.annotation.ClassPathScanningCandidateComponentProvider - Identified candidate component class: file [/home/rafael/learnspace/persistence/build/classes/java/main/com/learning/persistence/PersistenceApplication.class]
19:10:03.942 [Test worker] INFO org.springframework.boot.test.context.SpringBootTestContextBootstrapper - Found @SpringBootConfiguration com.learning.persistence.PersistenceApplication for test class com.learning.persistence.dao.OfficerRepositoryTest
19:10:03.946 [Test worker] DEBUG org.springframework.boot.test.autoconfigure.orm.jpa.DataJpaTestContextBootstrapper - @TestExecutionListeners is not present for class [com.learning.persistence.dao.OfficerRepositoryTest]: using defaults.
19:10:03.946 [Test worker] INFO org.springframework.boot.test.autoconfigure.orm.jpa.DataJpaTestContextBootstrapper - Loaded default TestExecutionListener class names from location [META-INF/spring.factories]: [org.springframework.boot.test.autoconfigure.restdocs.RestDocsTestExecutionListener, org.springframework.boot.test.autoconfigure.web.client.MockRestServiceServerResetTestExecutionListener, org.springframework.boot.test.autoconfigure.web.servlet.MockMvcPrintOnlyOnFailureTestExecutionListener, org.springframework.boot.test.autoconfigure.web.servlet.WebDriverTestExecutionListener, org.springframework.boot.test.autoconfigure.webservices.client.MockWebServiceServerTestExecutionListener, org.springframework.boot.test.mock.mockito.MockitoTestExecutionListener, org.springframework.boot.test.mock.mockito.ResetMocksTestExecutionListener, org.springframework.test.context.web.ServletTestExecutionListener, org.springframework.test.context.support.DirtiesContextBeforeModesTestExecutionListener, org.springframework.test.context.event.ApplicationEventsTestExecutionListener, org.springframework.test.context.support.DependencyInjectionTestExecutionListener, org.springframework.test.context.support.DirtiesContextTestExecutionListener, org.springframework.test.context.transaction.TransactionalTestExecutionListener, org.springframework.test.context.jdbc.SqlScriptsTestExecutionListener, org.springframework.test.context.event.EventPublishingTestExecutionListener]
19:10:03.959 [Test worker] INFO org.springframework.boot.test.autoconfigure.orm.jpa.DataJpaTestContextBootstrapper - Using TestExecutionListeners: [org.springframework.test.context.web.ServletTestExecutionListener@691691ac, org.springframework.test.context.support.DirtiesContextBeforeModesTestExecutionListener@56d808c9, org.springframework.test.context.event.ApplicationEventsTestExecutionListener@696a5616, org.springframework.boot.test.mock.mockito.MockitoTestExecutionListener@235d3b16, org.springframework.boot.test.autoconfigure.SpringBootDependencyInjectionTestExecutionListener@7e9b5520, org.springframework.test.context.support.DirtiesContextTestExecutionListener@6813847a, org.springframework.test.context.transaction.TransactionalTestExecutionListener@5372b588, org.springframework.test.context.jdbc.SqlScriptsTestExecutionListener@193da17b, org.springframework.test.context.event.EventPublishingTestExecutionListener@3dabc529, org.springframework.boot.test.autoconfigure.restdocs.RestDocsTestExecutionListener@496fb6b2, org.springframework.boot.test.autoconfigure.web.client.MockRestServiceServerResetTestExecutionListener@ff794e2, org.springframework.boot.test.autoconfigure.web.servlet.MockMvcPrintOnlyOnFailureTestExecutionListener@7b35da1e, org.springframework.boot.test.autoconfigure.web.servlet.WebDriverTestExecutionListener@1854cadc, org.springframework.boot.test.autoconfigure.webservices.client.MockWebServiceServerTestExecutionListener@2cba3542, org.springframework.boot.test.mock.mockito.ResetMocksTestExecutionListener@1f59e4b3]
19:10:03.962 [Test worker] DEBUG org.springframework.test.context.support.AbstractDirtiesContextTestExecutionListener - Before test class: context [DefaultTestContext@639d9471 testClass = OfficerRepositoryTest, testInstance = [null], testMethod = [null], testException = [null], mergedContextConfiguration = [MergedContextConfiguration@41704b4e testClass = OfficerRepositoryTest, locations = '{}', classes = '{class com.learning.persistence.PersistenceApplication}', contextInitializerClasses = '[]', activeProfiles = '{}', propertySourceLocations = '{}', propertySourceProperties = '{org.springframework.boot.test.autoconfigure.orm.jpa.DataJpaTestContextBootstrapper=true}', contextCustomizers = set[org.springframework.boot.test.autoconfigure.OverrideAutoConfigurationContextCustomizerFactory$DisableAutoConfigurationContextCustomizer@76da813e, org.springframework.boot.test.autoconfigure.actuate.metrics.MetricsExportContextCustomizerFactory$DisableMetricExportContextCustomizer@463ca16b, org.springframework.boot.test.autoconfigure.filter.TypeExcludeFiltersContextCustomizer@351584c0, org.springframework.boot.test.autoconfigure.properties.PropertyMappingContextCustomizer@ab14b078, org.springframework.boot.test.autoconfigure.web.servlet.WebDriverContextCustomizerFactory$Customizer@506d6c06, [ImportsContextCustomizer@543c84aa key = [org.springframework.boot.autoconfigure.cache.CacheAutoConfiguration, org.springframework.boot.autoconfigure.data.jpa.JpaRepositoriesAutoConfiguration, org.springframework.boot.autoconfigure.flyway.FlywayAutoConfiguration, org.springframework.boot.autoconfigure.jdbc.DataSourceAutoConfiguration, org.springframework.boot.autoconfigure.jdbc.DataSourceTransactionManagerAutoConfiguration, org.springframework.boot.autoconfigure.jdbc.JdbcTemplateAutoConfiguration, org.springframework.boot.autoconfigure.liquibase.LiquibaseAutoConfiguration, org.springframework.boot.autoconfigure.orm.jpa.HibernateJpaAutoConfiguration, org.springframework.boot.autoconfigure.transaction.TransactionAutoConfiguration, org.springframework.boot.test.autoconfigure.jdbc.TestDatabaseAutoConfiguration, org.springframework.boot.test.autoconfigure.orm.jpa.TestEntityManagerAutoConfiguration]], org.springframework.boot.test.context.filter.ExcludeFilterContextCustomizer@2cea4968, org.springframework.boot.test.json.DuplicateJsonObjectContextCustomizerFactory$DuplicateJsonObjectContextCustomizer@3ea7396f, org.springframework.boot.test.mock.mockito.MockitoContextCustomizer@0, org.springframework.boot.test.context.SpringBootTestArgs@1, org.springframework.boot.test.context.SpringBootTestWebEnvironment@0], contextLoader = 'org.springframework.boot.test.context.SpringBootContextLoader', parent = [null]], attributes = map[[empty]]], class annotated with @DirtiesContext [false] with mode [null].
19:10:03.974 [Test worker] DEBUG org.springframework.test.context.support.DependencyInjectionTestExecutionListener - Performing dependency injection for test context [[DefaultTestContext@639d9471 testClass = OfficerRepositoryTest, testInstance = com.learning.persistence.dao.OfficerRepositoryTest@a65b58c, testMethod = [null], testException = [null], mergedContextConfiguration = [MergedContextConfiguration@41704b4e testClass = OfficerRepositoryTest, locations = '{}', classes = '{class com.learning.persistence.PersistenceApplication}', contextInitializerClasses = '[]', activeProfiles = '{}', propertySourceLocations = '{}', propertySourceProperties = '{org.springframework.boot.test.autoconfigure.orm.jpa.DataJpaTestContextBootstrapper=true}', contextCustomizers = set[org.springframework.boot.test.autoconfigure.OverrideAutoConfigurationContextCustomizerFactory$DisableAutoConfigurationContextCustomizer@76da813e, org.springframework.boot.test.autoconfigure.actuate.metrics.MetricsExportContextCustomizerFactory$DisableMetricExportContextCustomizer@463ca16b, org.springframework.boot.test.autoconfigure.filter.TypeExcludeFiltersContextCustomizer@351584c0, org.springframework.boot.test.autoconfigure.properties.PropertyMappingContextCustomizer@ab14b078, org.springframework.boot.test.autoconfigure.web.servlet.WebDriverContextCustomizerFactory$Customizer@506d6c06, [ImportsContextCustomizer@543c84aa key = [org.springframework.boot.autoconfigure.cache.CacheAutoConfiguration, org.springframework.boot.autoconfigure.data.jpa.JpaRepositoriesAutoConfiguration, org.springframework.boot.autoconfigure.flyway.FlywayAutoConfiguration, org.springframework.boot.autoconfigure.jdbc.DataSourceAutoConfiguration, org.springframework.boot.autoconfigure.jdbc.DataSourceTransactionManagerAutoConfiguration, org.springframework.boot.autoconfigure.jdbc.JdbcTemplateAutoConfiguration, org.springframework.boot.autoconfigure.liquibase.LiquibaseAutoConfiguration, org.springframework.boot.autoconfigure.orm.jpa.HibernateJpaAutoConfiguration, org.springframework.boot.autoconfigure.transaction.TransactionAutoConfiguration, org.springframework.boot.test.autoconfigure.jdbc.TestDatabaseAutoConfiguration, org.springframework.boot.test.autoconfigure.orm.jpa.TestEntityManagerAutoConfiguration]], org.springframework.boot.test.context.filter.ExcludeFilterContextCustomizer@2cea4968, org.springframework.boot.test.json.DuplicateJsonObjectContextCustomizerFactory$DuplicateJsonObjectContextCustomizer@3ea7396f, org.springframework.boot.test.mock.mockito.MockitoContextCustomizer@0, org.springframework.boot.test.context.SpringBootTestArgs@1, org.springframework.boot.test.context.SpringBootTestWebEnvironment@0], contextLoader = 'org.springframework.boot.test.context.SpringBootContextLoader', parent = [null]], attributes = map['org.springframework.test.context.event.ApplicationEventsTestExecutionListener.recordApplicationEvents' -> false]]].
19:10:03.990 [Test worker] DEBUG org.springframework.test.context.support.TestPropertySourceUtils - Adding inlined properties to environment: {spring.jmx.enabled=false, org.springframework.boot.test.autoconfigure.orm.jpa.DataJpaTestContextBootstrapper=true}

  .   ____          _            __ _ _
 /\\ / ___'_ __ _ _(_)_ __  __ _ \ \ \ \
( ( )\___ | '_ | '_| | '_ \/ _` | \ \ \ \
 \\/  ___)| |_)| | | | | || (_| |  ) ) ) )
  '  |____| .__|_| |_|_| |_\__, | / / / /
 =========|_|==============|___/=/_/_/_/
 :: Spring Boot ::                (v2.4.3)

2021-03-15 19:10:04.294  INFO 9822 --- [    Test worker] c.l.p.dao.OfficerRepositoryTest          : Starting OfficerRepositoryTest using Java 15.0.2 on rafael-Inspiron-5480 with PID 9822 (started by rafael in /home/rafael/learnspace/persistence)
2021-03-15 19:10:04.298  INFO 9822 --- [    Test worker] c.l.p.dao.OfficerRepositoryTest          : No active profile set, falling back to default profiles: default
2021-03-15 19:10:04.714  INFO 9822 --- [    Test worker] .s.d.r.c.RepositoryConfigurationDelegate : Bootstrapping Spring Data JPA repositories in DEFAULT mode.
2021-03-15 19:10:04.796  INFO 9822 --- [    Test worker] .s.d.r.c.RepositoryConfigurationDelegate : Finished Spring Data repository scanning in 68 ms. Found 1 JPA repository interfaces.
2021-03-15 19:10:04.879  INFO 9822 --- [    Test worker] beddedDataSourceBeanFactoryPostProcessor : Replacing 'dataSource' DataSource bean with embedded version
2021-03-15 19:10:05.025  INFO 9822 --- [    Test worker] o.s.j.d.e.EmbeddedDatabaseFactory        : Starting embedded database: url='jdbc:h2:mem:1b3ffdda-d937-41e1-9f1d-54130c63005f;DB_CLOSE_DELAY=-1;DB_CLOSE_ON_EXIT=false', username='sa'
2021-03-15 19:10:05.464  INFO 9822 --- [    Test worker] o.hibernate.jpa.internal.util.LogHelper  : HHH000204: Processing PersistenceUnitInfo [name: default]
2021-03-15 19:10:05.495  INFO 9822 --- [    Test worker] org.hibernate.Version                    : HHH000412: Hibernate ORM core version 5.4.28.Final
2021-03-15 19:10:05.575  INFO 9822 --- [    Test worker] o.hibernate.annotations.common.Version   : HCANN000001: Hibernate Commons Annotations {5.1.2.Final}
2021-03-15 19:10:05.717  INFO 9822 --- [    Test worker] org.hibernate.dialect.Dialect            : HHH000400: Using dialect: org.hibernate.dialect.H2Dialect
2021-03-15 19:10:06.255  INFO 9822 --- [    Test worker] o.h.e.t.j.p.i.JtaPlatformInitiator       : HHH000490: Using JtaPlatform implementation: [org.hibernate.engine.transaction.jta.platform.internal.NoJtaPlatform]
2021-03-15 19:10:06.259  INFO 9822 --- [    Test worker] j.LocalContainerEntityManagerFactoryBean : Initialized JPA EntityManagerFactory for persistence unit 'default'
2021-03-15 19:10:06.712  INFO 9822 --- [    Test worker] c.l.p.dao.OfficerRepositoryTest          : Started OfficerRepositoryTest in 2.719 seconds (JVM running for 3.439)
2021-03-15 19:10:06.741  INFO 9822 --- [    Test worker] o.s.t.c.transaction.TransactionContext   : Began transaction (1) for test context [DefaultTestContext@639d9471 testClass = OfficerRepositoryTest, testInstance = com.learning.persistence.dao.OfficerRepositoryTest@a65b58c, testMethod = testSave@OfficerRepositoryTest, testException = [null], mergedContextConfiguration = [MergedContextConfiguration@41704b4e testClass = OfficerRepositoryTest, locations = '{}', classes = '{class com.learning.persistence.PersistenceApplication}', contextInitializerClasses = '[]', activeProfiles = '{}', propertySourceLocations = '{}', propertySourceProperties = '{org.springframework.boot.test.autoconfigure.orm.jpa.DataJpaTestContextBootstrapper=true}', contextCustomizers = set[org.springframework.boot.test.autoconfigure.OverrideAutoConfigurationContextCustomizerFactory$DisableAutoConfigurationContextCustomizer@76da813e, org.springframework.boot.test.autoconfigure.actuate.metrics.MetricsExportContextCustomizerFactory$DisableMetricExportContextCustomizer@463ca16b, org.springframework.boot.test.autoconfigure.filter.TypeExcludeFiltersContextCustomizer@351584c0, org.springframework.boot.test.autoconfigure.properties.PropertyMappingContextCustomizer@ab14b078, org.springframework.boot.test.autoconfigure.web.servlet.WebDriverContextCustomizerFactory$Customizer@506d6c06, [ImportsContextCustomizer@543c84aa key = [org.springframework.boot.autoconfigure.cache.CacheAutoConfiguration, org.springframework.boot.autoconfigure.data.jpa.JpaRepositoriesAutoConfiguration, org.springframework.boot.autoconfigure.flyway.FlywayAutoConfiguration, org.springframework.boot.autoconfigure.jdbc.DataSourceAutoConfiguration, org.springframework.boot.autoconfigure.jdbc.DataSourceTransactionManagerAutoConfiguration, org.springframework.boot.autoconfigure.jdbc.JdbcTemplateAutoConfiguration, org.springframework.boot.autoconfigure.liquibase.LiquibaseAutoConfiguration, org.springframework.boot.autoconfigure.orm.jpa.HibernateJpaAutoConfiguration, org.springframework.boot.autoconfigure.transaction.TransactionAutoConfiguration, org.springframework.boot.test.autoconfigure.jdbc.TestDatabaseAutoConfiguration, org.springframework.boot.test.autoconfigure.orm.jpa.TestEntityManagerAutoConfiguration]], org.springframework.boot.test.context.filter.ExcludeFilterContextCustomizer@2cea4968, org.springframework.boot.test.json.DuplicateJsonObjectContextCustomizerFactory$DuplicateJsonObjectContextCustomizer@3ea7396f, org.springframework.boot.test.mock.mockito.MockitoContextCustomizer@0, org.springframework.boot.test.context.SpringBootTestArgs@1, org.springframework.boot.test.context.SpringBootTestWebEnvironment@0], contextLoader = 'org.springframework.boot.test.context.SpringBootContextLoader', parent = [null]], attributes = map['org.springframework.test.context.event.ApplicationEventsTestExecutionListener.recordApplicationEvents' -> false]]; transaction manager [org.springframework.orm.jpa.JpaTransactionManager@1923997f]; rollback [true]
2021-03-15 19:10:06.883 DEBUG 9822 --- [    Test worker] org.hibernate.SQL                        : 
    insert 
    into
        officers
        (id, first_name, last_name, rank) 
    values
        (null, ?, ?, ?)
Hibernate: 
    insert 
    into
        officers
        (id, first_name, last_name, rank) 
    values
        (null, ?, ?, ?)
2021-03-15 19:10:06.898  INFO 9822 --- [    Test worker] o.s.t.c.transaction.TransactionContext   : Rolled back transaction for test: [DefaultTestContext@639d9471 testClass = OfficerRepositoryTest, testInstance = com.learning.persistence.dao.OfficerRepositoryTest@a65b58c, testMethod = testSave@OfficerRepositoryTest, testException = [null], mergedContextConfiguration = [MergedContextConfiguration@41704b4e testClass = OfficerRepositoryTest, locations = '{}', classes = '{class com.learning.persistence.PersistenceApplication}', contextInitializerClasses = '[]', activeProfiles = '{}', propertySourceLocations = '{}', propertySourceProperties = '{org.springframework.boot.test.autoconfigure.orm.jpa.DataJpaTestContextBootstrapper=true}', contextCustomizers = set[org.springframework.boot.test.autoconfigure.OverrideAutoConfigurationContextCustomizerFactory$DisableAutoConfigurationContextCustomizer@76da813e, org.springframework.boot.test.autoconfigure.actuate.metrics.MetricsExportContextCustomizerFactory$DisableMetricExportContextCustomizer@463ca16b, org.springframework.boot.test.autoconfigure.filter.TypeExcludeFiltersContextCustomizer@351584c0, org.springframework.boot.test.autoconfigure.properties.PropertyMappingContextCustomizer@ab14b078, org.springframework.boot.test.autoconfigure.web.servlet.WebDriverContextCustomizerFactory$Customizer@506d6c06, [ImportsContextCustomizer@543c84aa key = [org.springframework.boot.autoconfigure.cache.CacheAutoConfiguration, org.springframework.boot.autoconfigure.data.jpa.JpaRepositoriesAutoConfiguration, org.springframework.boot.autoconfigure.flyway.FlywayAutoConfiguration, org.springframework.boot.autoconfigure.jdbc.DataSourceAutoConfiguration, org.springframework.boot.autoconfigure.jdbc.DataSourceTransactionManagerAutoConfiguration, org.springframework.boot.autoconfigure.jdbc.JdbcTemplateAutoConfiguration, org.springframework.boot.autoconfigure.liquibase.LiquibaseAutoConfiguration, org.springframework.boot.autoconfigure.orm.jpa.HibernateJpaAutoConfiguration, org.springframework.boot.autoconfigure.transaction.TransactionAutoConfiguration, org.springframework.boot.test.autoconfigure.jdbc.TestDatabaseAutoConfiguration, org.springframework.boot.test.autoconfigure.orm.jpa.TestEntityManagerAutoConfiguration]], org.springframework.boot.test.context.filter.ExcludeFilterContextCustomizer@2cea4968, org.springframework.boot.test.json.DuplicateJsonObjectContextCustomizerFactory$DuplicateJsonObjectContextCustomizer@3ea7396f, org.springframework.boot.test.mock.mockito.MockitoContextCustomizer@0, org.springframework.boot.test.context.SpringBootTestArgs@1, org.springframework.boot.test.context.SpringBootTestWebEnvironment@0], contextLoader = 'org.springframework.boot.test.context.SpringBootContextLoader', parent = [null]], attributes = map['org.springframework.test.context.event.ApplicationEventsTestExecutionListener.recordApplicationEvents' -> false]]
2021-03-15 19:10:06.905  INFO 9822 --- [    Test worker] o.s.t.c.transaction.TransactionContext   : Began transaction (1) for test context [DefaultTestContext@639d9471 testClass = OfficerRepositoryTest, testInstance = com.learning.persistence.dao.OfficerRepositoryTest@c054a6b, testMethod = findAll@OfficerRepositoryTest, testException = [null], mergedContextConfiguration = [MergedContextConfiguration@41704b4e testClass = OfficerRepositoryTest, locations = '{}', classes = '{class com.learning.persistence.PersistenceApplication}', contextInitializerClasses = '[]', activeProfiles = '{}', propertySourceLocations = '{}', propertySourceProperties = '{org.springframework.boot.test.autoconfigure.orm.jpa.DataJpaTestContextBootstrapper=true}', contextCustomizers = set[org.springframework.boot.test.autoconfigure.OverrideAutoConfigurationContextCustomizerFactory$DisableAutoConfigurationContextCustomizer@76da813e, org.springframework.boot.test.autoconfigure.actuate.metrics.MetricsExportContextCustomizerFactory$DisableMetricExportContextCustomizer@463ca16b, org.springframework.boot.test.autoconfigure.filter.TypeExcludeFiltersContextCustomizer@351584c0, org.springframework.boot.test.autoconfigure.properties.PropertyMappingContextCustomizer@ab14b078, org.springframework.boot.test.autoconfigure.web.servlet.WebDriverContextCustomizerFactory$Customizer@506d6c06, [ImportsContextCustomizer@543c84aa key = [org.springframework.boot.autoconfigure.cache.CacheAutoConfiguration, org.springframework.boot.autoconfigure.data.jpa.JpaRepositoriesAutoConfiguration, org.springframework.boot.autoconfigure.flyway.FlywayAutoConfiguration, org.springframework.boot.autoconfigure.jdbc.DataSourceAutoConfiguration, org.springframework.boot.autoconfigure.jdbc.DataSourceTransactionManagerAutoConfiguration, org.springframework.boot.autoconfigure.jdbc.JdbcTemplateAutoConfiguration, org.springframework.boot.autoconfigure.liquibase.LiquibaseAutoConfiguration, org.springframework.boot.autoconfigure.orm.jpa.HibernateJpaAutoConfiguration, org.springframework.boot.autoconfigure.transaction.TransactionAutoConfiguration, org.springframework.boot.test.autoconfigure.jdbc.TestDatabaseAutoConfiguration, org.springframework.boot.test.autoconfigure.orm.jpa.TestEntityManagerAutoConfiguration]], org.springframework.boot.test.context.filter.ExcludeFilterContextCustomizer@2cea4968, org.springframework.boot.test.json.DuplicateJsonObjectContextCustomizerFactory$DuplicateJsonObjectContextCustomizer@3ea7396f, org.springframework.boot.test.mock.mockito.MockitoContextCustomizer@0, org.springframework.boot.test.context.SpringBootTestArgs@1, org.springframework.boot.test.context.SpringBootTestWebEnvironment@0], contextLoader = 'org.springframework.boot.test.context.SpringBootContextLoader', parent = [null]], attributes = map['org.springframework.test.context.event.ApplicationEventsTestExecutionListener.recordApplicationEvents' -> false]]; transaction manager [org.springframework.orm.jpa.JpaTransactionManager@1923997f]; rollback [true]
2021-03-15 19:10:06.976 DEBUG 9822 --- [    Test worker] org.hibernate.SQL                        : 
    select
        officer0_.id as id1_0_,
        officer0_.first_name as first_na2_0_,
        officer0_.last_name as last_nam3_0_,
        officer0_.rank as rank4_0_ 
    from
        officers officer0_
Hibernate: 
    select
        officer0_.id as id1_0_,
        officer0_.first_name as first_na2_0_,
        officer0_.last_name as last_nam3_0_,
        officer0_.rank as rank4_0_ 
    from
        officers officer0_
2021-03-15 19:10:06.995  INFO 9822 --- [    Test worker] o.s.t.c.transaction.TransactionContext   : Rolled back transaction for test: [DefaultTestContext@639d9471 testClass = OfficerRepositoryTest, testInstance = com.learning.persistence.dao.OfficerRepositoryTest@c054a6b, testMethod = findAll@OfficerRepositoryTest, testException = [null], mergedContextConfiguration = [MergedContextConfiguration@41704b4e testClass = OfficerRepositoryTest, locations = '{}', classes = '{class com.learning.persistence.PersistenceApplication}', contextInitializerClasses = '[]', activeProfiles = '{}', propertySourceLocations = '{}', propertySourceProperties = '{org.springframework.boot.test.autoconfigure.orm.jpa.DataJpaTestContextBootstrapper=true}', contextCustomizers = set[org.springframework.boot.test.autoconfigure.OverrideAutoConfigurationContextCustomizerFactory$DisableAutoConfigurationContextCustomizer@76da813e, org.springframework.boot.test.autoconfigure.actuate.metrics.MetricsExportContextCustomizerFactory$DisableMetricExportContextCustomizer@463ca16b, org.springframework.boot.test.autoconfigure.filter.TypeExcludeFiltersContextCustomizer@351584c0, org.springframework.boot.test.autoconfigure.properties.PropertyMappingContextCustomizer@ab14b078, org.springframework.boot.test.autoconfigure.web.servlet.WebDriverContextCustomizerFactory$Customizer@506d6c06, [ImportsContextCustomizer@543c84aa key = [org.springframework.boot.autoconfigure.cache.CacheAutoConfiguration, org.springframework.boot.autoconfigure.data.jpa.JpaRepositoriesAutoConfiguration, org.springframework.boot.autoconfigure.flyway.FlywayAutoConfiguration, org.springframework.boot.autoconfigure.jdbc.DataSourceAutoConfiguration, org.springframework.boot.autoconfigure.jdbc.DataSourceTransactionManagerAutoConfiguration, org.springframework.boot.autoconfigure.jdbc.JdbcTemplateAutoConfiguration, org.springframework.boot.autoconfigure.liquibase.LiquibaseAutoConfiguration, org.springframework.boot.autoconfigure.orm.jpa.HibernateJpaAutoConfiguration, org.springframework.boot.autoconfigure.transaction.TransactionAutoConfiguration, org.springframework.boot.test.autoconfigure.jdbc.TestDatabaseAutoConfiguration, org.springframework.boot.test.autoconfigure.orm.jpa.TestEntityManagerAutoConfiguration]], org.springframework.boot.test.context.filter.ExcludeFilterContextCustomizer@2cea4968, org.springframework.boot.test.json.DuplicateJsonObjectContextCustomizerFactory$DuplicateJsonObjectContextCustomizer@3ea7396f, org.springframework.boot.test.mock.mockito.MockitoContextCustomizer@0, org.springframework.boot.test.context.SpringBootTestArgs@1, org.springframework.boot.test.context.SpringBootTestWebEnvironment@0], contextLoader = 'org.springframework.boot.test.context.SpringBootContextLoader', parent = [null]], attributes = map['org.springframework.test.context.event.ApplicationEventsTestExecutionListener.recordApplicationEvents' -> false]]
2021-03-15 19:10:07.000  INFO 9822 --- [    Test worker] o.s.t.c.transaction.TransactionContext   : Began transaction (1) for test context [DefaultTestContext@639d9471 testClass = OfficerRepositoryTest, testInstance = com.learning.persistence.dao.OfficerRepositoryTest@2a01af75, testMethod = findById@OfficerRepositoryTest, testException = [null], mergedContextConfiguration = [MergedContextConfiguration@41704b4e testClass = OfficerRepositoryTest, locations = '{}', classes = '{class com.learning.persistence.PersistenceApplication}', contextInitializerClasses = '[]', activeProfiles = '{}', propertySourceLocations = '{}', propertySourceProperties = '{org.springframework.boot.test.autoconfigure.orm.jpa.DataJpaTestContextBootstrapper=true}', contextCustomizers = set[org.springframework.boot.test.autoconfigure.OverrideAutoConfigurationContextCustomizerFactory$DisableAutoConfigurationContextCustomizer@76da813e, org.springframework.boot.test.autoconfigure.actuate.metrics.MetricsExportContextCustomizerFactory$DisableMetricExportContextCustomizer@463ca16b, org.springframework.boot.test.autoconfigure.filter.TypeExcludeFiltersContextCustomizer@351584c0, org.springframework.boot.test.autoconfigure.properties.PropertyMappingContextCustomizer@ab14b078, org.springframework.boot.test.autoconfigure.web.servlet.WebDriverContextCustomizerFactory$Customizer@506d6c06, [ImportsContextCustomizer@543c84aa key = [org.springframework.boot.autoconfigure.cache.CacheAutoConfiguration, org.springframework.boot.autoconfigure.data.jpa.JpaRepositoriesAutoConfiguration, org.springframework.boot.autoconfigure.flyway.FlywayAutoConfiguration, org.springframework.boot.autoconfigure.jdbc.DataSourceAutoConfiguration, org.springframework.boot.autoconfigure.jdbc.DataSourceTransactionManagerAutoConfiguration, org.springframework.boot.autoconfigure.jdbc.JdbcTemplateAutoConfiguration, org.springframework.boot.autoconfigure.liquibase.LiquibaseAutoConfiguration, org.springframework.boot.autoconfigure.orm.jpa.HibernateJpaAutoConfiguration, org.springframework.boot.autoconfigure.transaction.TransactionAutoConfiguration, org.springframework.boot.test.autoconfigure.jdbc.TestDatabaseAutoConfiguration, org.springframework.boot.test.autoconfigure.orm.jpa.TestEntityManagerAutoConfiguration]], org.springframework.boot.test.context.filter.ExcludeFilterContextCustomizer@2cea4968, org.springframework.boot.test.json.DuplicateJsonObjectContextCustomizerFactory$DuplicateJsonObjectContextCustomizer@3ea7396f, org.springframework.boot.test.mock.mockito.MockitoContextCustomizer@0, org.springframework.boot.test.context.SpringBootTestArgs@1, org.springframework.boot.test.context.SpringBootTestWebEnvironment@0], contextLoader = 'org.springframework.boot.test.context.SpringBootContextLoader', parent = [null]], attributes = map['org.springframework.test.context.event.ApplicationEventsTestExecutionListener.recordApplicationEvents' -> false]]; transaction manager [org.springframework.orm.jpa.JpaTransactionManager@1923997f]; rollback [true]
2021-03-15 19:10:07.003 DEBUG 9822 --- [    Test worker] o.s.jdbc.core.JdbcTemplate               : Executing SQL query [select id from officers]
2021-03-15 19:10:07.012 DEBUG 9822 --- [    Test worker] org.hibernate.SQL                        : 
    select
        officer0_.id as id1_0_0_,
        officer0_.first_name as first_na2_0_0_,
        officer0_.last_name as last_nam3_0_0_,
        officer0_.rank as rank4_0_0_ 
    from
        officers officer0_ 
    where
        officer0_.id=?
Hibernate: 
    select
        officer0_.id as id1_0_0_,
        officer0_.first_name as first_na2_0_0_,
        officer0_.last_name as last_nam3_0_0_,
        officer0_.rank as rank4_0_0_ 
    from
        officers officer0_ 
    where
        officer0_.id=?
2021-03-15 19:10:07.021 DEBUG 9822 --- [    Test worker] org.hibernate.SQL                        : 
    select
        officer0_.id as id1_0_0_,
        officer0_.first_name as first_na2_0_0_,
        officer0_.last_name as last_nam3_0_0_,
        officer0_.rank as rank4_0_0_ 
    from
        officers officer0_ 
    where
        officer0_.id=?
Hibernate: 
    select
        officer0_.id as id1_0_0_,
        officer0_.first_name as first_na2_0_0_,
        officer0_.last_name as last_nam3_0_0_,
        officer0_.rank as rank4_0_0_ 
    from
        officers officer0_ 
    where
        officer0_.id=?
2021-03-15 19:10:07.024 DEBUG 9822 --- [    Test worker] org.hibernate.SQL                        : 
    select
        officer0_.id as id1_0_0_,
        officer0_.first_name as first_na2_0_0_,
        officer0_.last_name as last_nam3_0_0_,
        officer0_.rank as rank4_0_0_ 
    from
        officers officer0_ 
    where
        officer0_.id=?
Hibernate: 
    select
        officer0_.id as id1_0_0_,
        officer0_.first_name as first_na2_0_0_,
        officer0_.last_name as last_nam3_0_0_,
        officer0_.rank as rank4_0_0_ 
    from
        officers officer0_ 
    where
        officer0_.id=?
2021-03-15 19:10:07.027 DEBUG 9822 --- [    Test worker] org.hibernate.SQL                        : 
    select
        officer0_.id as id1_0_0_,
        officer0_.first_name as first_na2_0_0_,
        officer0_.last_name as last_nam3_0_0_,
        officer0_.rank as rank4_0_0_ 
    from
        officers officer0_ 
    where
        officer0_.id=?
Hibernate: 
    select
        officer0_.id as id1_0_0_,
        officer0_.first_name as first_na2_0_0_,
        officer0_.last_name as last_nam3_0_0_,
        officer0_.rank as rank4_0_0_ 
    from
        officers officer0_ 
    where
        officer0_.id=?
2021-03-15 19:10:07.029 DEBUG 9822 --- [    Test worker] org.hibernate.SQL                        : 
    select
        officer0_.id as id1_0_0_,
        officer0_.first_name as first_na2_0_0_,
        officer0_.last_name as last_nam3_0_0_,
        officer0_.rank as rank4_0_0_ 
    from
        officers officer0_ 
    where
        officer0_.id=?
Hibernate: 
    select
        officer0_.id as id1_0_0_,
        officer0_.first_name as first_na2_0_0_,
        officer0_.last_name as last_nam3_0_0_,
        officer0_.rank as rank4_0_0_ 
    from
        officers officer0_ 
    where
        officer0_.id=?
2021-03-15 19:10:07.033  INFO 9822 --- [    Test worker] o.s.t.c.transaction.TransactionContext   : Rolled back transaction for test: [DefaultTestContext@639d9471 testClass = OfficerRepositoryTest, testInstance = com.learning.persistence.dao.OfficerRepositoryTest@2a01af75, testMethod = findById@OfficerRepositoryTest, testException = [null], mergedContextConfiguration = [MergedContextConfiguration@41704b4e testClass = OfficerRepositoryTest, locations = '{}', classes = '{class com.learning.persistence.PersistenceApplication}', contextInitializerClasses = '[]', activeProfiles = '{}', propertySourceLocations = '{}', propertySourceProperties = '{org.springframework.boot.test.autoconfigure.orm.jpa.DataJpaTestContextBootstrapper=true}', contextCustomizers = set[org.springframework.boot.test.autoconfigure.OverrideAutoConfigurationContextCustomizerFactory$DisableAutoConfigurationContextCustomizer@76da813e, org.springframework.boot.test.autoconfigure.actuate.metrics.MetricsExportContextCustomizerFactory$DisableMetricExportContextCustomizer@463ca16b, org.springframework.boot.test.autoconfigure.filter.TypeExcludeFiltersContextCustomizer@351584c0, org.springframework.boot.test.autoconfigure.properties.PropertyMappingContextCustomizer@ab14b078, org.springframework.boot.test.autoconfigure.web.servlet.WebDriverContextCustomizerFactory$Customizer@506d6c06, [ImportsContextCustomizer@543c84aa key = [org.springframework.boot.autoconfigure.cache.CacheAutoConfiguration, org.springframework.boot.autoconfigure.data.jpa.JpaRepositoriesAutoConfiguration, org.springframework.boot.autoconfigure.flyway.FlywayAutoConfiguration, org.springframework.boot.autoconfigure.jdbc.DataSourceAutoConfiguration, org.springframework.boot.autoconfigure.jdbc.DataSourceTransactionManagerAutoConfiguration, org.springframework.boot.autoconfigure.jdbc.JdbcTemplateAutoConfiguration, org.springframework.boot.autoconfigure.liquibase.LiquibaseAutoConfiguration, org.springframework.boot.autoconfigure.orm.jpa.HibernateJpaAutoConfiguration, org.springframework.boot.autoconfigure.transaction.TransactionAutoConfiguration, org.springframework.boot.test.autoconfigure.jdbc.TestDatabaseAutoConfiguration, org.springframework.boot.test.autoconfigure.orm.jpa.TestEntityManagerAutoConfiguration]], org.springframework.boot.test.context.filter.ExcludeFilterContextCustomizer@2cea4968, org.springframework.boot.test.json.DuplicateJsonObjectContextCustomizerFactory$DuplicateJsonObjectContextCustomizer@3ea7396f, org.springframework.boot.test.mock.mockito.MockitoContextCustomizer@0, org.springframework.boot.test.context.SpringBootTestArgs@1, org.springframework.boot.test.context.SpringBootTestWebEnvironment@0], contextLoader = 'org.springframework.boot.test.context.SpringBootContextLoader', parent = [null]], attributes = map['org.springframework.test.context.event.ApplicationEventsTestExecutionListener.recordApplicationEvents' -> false]]
2021-03-15 19:10:07.038  INFO 9822 --- [    Test worker] o.s.t.c.transaction.TransactionContext   : Began transaction (1) for test context [DefaultTestContext@639d9471 testClass = OfficerRepositoryTest, testInstance = com.learning.persistence.dao.OfficerRepositoryTest@595b9d91, testMethod = findByLast@OfficerRepositoryTest, testException = [null], mergedContextConfiguration = [MergedContextConfiguration@41704b4e testClass = OfficerRepositoryTest, locations = '{}', classes = '{class com.learning.persistence.PersistenceApplication}', contextInitializerClasses = '[]', activeProfiles = '{}', propertySourceLocations = '{}', propertySourceProperties = '{org.springframework.boot.test.autoconfigure.orm.jpa.DataJpaTestContextBootstrapper=true}', contextCustomizers = set[org.springframework.boot.test.autoconfigure.OverrideAutoConfigurationContextCustomizerFactory$DisableAutoConfigurationContextCustomizer@76da813e, org.springframework.boot.test.autoconfigure.actuate.metrics.MetricsExportContextCustomizerFactory$DisableMetricExportContextCustomizer@463ca16b, org.springframework.boot.test.autoconfigure.filter.TypeExcludeFiltersContextCustomizer@351584c0, org.springframework.boot.test.autoconfigure.properties.PropertyMappingContextCustomizer@ab14b078, org.springframework.boot.test.autoconfigure.web.servlet.WebDriverContextCustomizerFactory$Customizer@506d6c06, [ImportsContextCustomizer@543c84aa key = [org.springframework.boot.autoconfigure.cache.CacheAutoConfiguration, org.springframework.boot.autoconfigure.data.jpa.JpaRepositoriesAutoConfiguration, org.springframework.boot.autoconfigure.flyway.FlywayAutoConfiguration, org.springframework.boot.autoconfigure.jdbc.DataSourceAutoConfiguration, org.springframework.boot.autoconfigure.jdbc.DataSourceTransactionManagerAutoConfiguration, org.springframework.boot.autoconfigure.jdbc.JdbcTemplateAutoConfiguration, org.springframework.boot.autoconfigure.liquibase.LiquibaseAutoConfiguration, org.springframework.boot.autoconfigure.orm.jpa.HibernateJpaAutoConfiguration, org.springframework.boot.autoconfigure.transaction.TransactionAutoConfiguration, org.springframework.boot.test.autoconfigure.jdbc.TestDatabaseAutoConfiguration, org.springframework.boot.test.autoconfigure.orm.jpa.TestEntityManagerAutoConfiguration]], org.springframework.boot.test.context.filter.ExcludeFilterContextCustomizer@2cea4968, org.springframework.boot.test.json.DuplicateJsonObjectContextCustomizerFactory$DuplicateJsonObjectContextCustomizer@3ea7396f, org.springframework.boot.test.mock.mockito.MockitoContextCustomizer@0, org.springframework.boot.test.context.SpringBootTestArgs@1, org.springframework.boot.test.context.SpringBootTestWebEnvironment@0], contextLoader = 'org.springframework.boot.test.context.SpringBootContextLoader', parent = [null]], attributes = map['org.springframework.test.context.event.ApplicationEventsTestExecutionListener.recordApplicationEvents' -> false]]; transaction manager [org.springframework.orm.jpa.JpaTransactionManager@1923997f]; rollback [true]
2021-03-15 19:10:07.056 DEBUG 9822 --- [    Test worker] org.hibernate.SQL                        : 
    select
        officer0_.id as id1_0_,
        officer0_.first_name as first_na2_0_,
        officer0_.last_name as last_nam3_0_,
        officer0_.rank as rank4_0_ 
    from
        officers officer0_ 
    where
        officer0_.last_name=?
Hibernate: 
    select
        officer0_.id as id1_0_,
        officer0_.first_name as first_na2_0_,
        officer0_.last_name as last_nam3_0_,
        officer0_.rank as rank4_0_ 
    from
        officers officer0_ 
    where
        officer0_.last_name=?
2021-03-15 19:10:07.062  INFO 9822 --- [    Test worker] o.s.t.c.transaction.TransactionContext   : Rolled back transaction for test: [DefaultTestContext@639d9471 testClass = OfficerRepositoryTest, testInstance = com.learning.persistence.dao.OfficerRepositoryTest@595b9d91, testMethod = findByLast@OfficerRepositoryTest, testException = [null], mergedContextConfiguration = [MergedContextConfiguration@41704b4e testClass = OfficerRepositoryTest, locations = '{}', classes = '{class com.learning.persistence.PersistenceApplication}', contextInitializerClasses = '[]', activeProfiles = '{}', propertySourceLocations = '{}', propertySourceProperties = '{org.springframework.boot.test.autoconfigure.orm.jpa.DataJpaTestContextBootstrapper=true}', contextCustomizers = set[org.springframework.boot.test.autoconfigure.OverrideAutoConfigurationContextCustomizerFactory$DisableAutoConfigurationContextCustomizer@76da813e, org.springframework.boot.test.autoconfigure.actuate.metrics.MetricsExportContextCustomizerFactory$DisableMetricExportContextCustomizer@463ca16b, org.springframework.boot.test.autoconfigure.filter.TypeExcludeFiltersContextCustomizer@351584c0, org.springframework.boot.test.autoconfigure.properties.PropertyMappingContextCustomizer@ab14b078, org.springframework.boot.test.autoconfigure.web.servlet.WebDriverContextCustomizerFactory$Customizer@506d6c06, [ImportsContextCustomizer@543c84aa key = [org.springframework.boot.autoconfigure.cache.CacheAutoConfiguration, org.springframework.boot.autoconfigure.data.jpa.JpaRepositoriesAutoConfiguration, org.springframework.boot.autoconfigure.flyway.FlywayAutoConfiguration, org.springframework.boot.autoconfigure.jdbc.DataSourceAutoConfiguration, org.springframework.boot.autoconfigure.jdbc.DataSourceTransactionManagerAutoConfiguration, org.springframework.boot.autoconfigure.jdbc.JdbcTemplateAutoConfiguration, org.springframework.boot.autoconfigure.liquibase.LiquibaseAutoConfiguration, org.springframework.boot.autoconfigure.orm.jpa.HibernateJpaAutoConfiguration, org.springframework.boot.autoconfigure.transaction.TransactionAutoConfiguration, org.springframework.boot.test.autoconfigure.jdbc.TestDatabaseAutoConfiguration, org.springframework.boot.test.autoconfigure.orm.jpa.TestEntityManagerAutoConfiguration]], org.springframework.boot.test.context.filter.ExcludeFilterContextCustomizer@2cea4968, org.springframework.boot.test.json.DuplicateJsonObjectContextCustomizerFactory$DuplicateJsonObjectContextCustomizer@3ea7396f, org.springframework.boot.test.mock.mockito.MockitoContextCustomizer@0, org.springframework.boot.test.context.SpringBootTestArgs@1, org.springframework.boot.test.context.SpringBootTestWebEnvironment@0], contextLoader = 'org.springframework.boot.test.context.SpringBootContextLoader', parent = [null]], attributes = map['org.springframework.test.context.event.ApplicationEventsTestExecutionListener.recordApplicationEvents' -> false]]
2021-03-15 19:10:07.067  INFO 9822 --- [    Test worker] o.s.t.c.transaction.TransactionContext   : Began transaction (1) for test context [DefaultTestContext@639d9471 testClass = OfficerRepositoryTest, testInstance = com.learning.persistence.dao.OfficerRepositoryTest@4a24a9ff, testMethod = findByRank@OfficerRepositoryTest, testException = [null], mergedContextConfiguration = [MergedContextConfiguration@41704b4e testClass = OfficerRepositoryTest, locations = '{}', classes = '{class com.learning.persistence.PersistenceApplication}', contextInitializerClasses = '[]', activeProfiles = '{}', propertySourceLocations = '{}', propertySourceProperties = '{org.springframework.boot.test.autoconfigure.orm.jpa.DataJpaTestContextBootstrapper=true}', contextCustomizers = set[org.springframework.boot.test.autoconfigure.OverrideAutoConfigurationContextCustomizerFactory$DisableAutoConfigurationContextCustomizer@76da813e, org.springframework.boot.test.autoconfigure.actuate.metrics.MetricsExportContextCustomizerFactory$DisableMetricExportContextCustomizer@463ca16b, org.springframework.boot.test.autoconfigure.filter.TypeExcludeFiltersContextCustomizer@351584c0, org.springframework.boot.test.autoconfigure.properties.PropertyMappingContextCustomizer@ab14b078, org.springframework.boot.test.autoconfigure.web.servlet.WebDriverContextCustomizerFactory$Customizer@506d6c06, [ImportsContextCustomizer@543c84aa key = [org.springframework.boot.autoconfigure.cache.CacheAutoConfiguration, org.springframework.boot.autoconfigure.data.jpa.JpaRepositoriesAutoConfiguration, org.springframework.boot.autoconfigure.flyway.FlywayAutoConfiguration, org.springframework.boot.autoconfigure.jdbc.DataSourceAutoConfiguration, org.springframework.boot.autoconfigure.jdbc.DataSourceTransactionManagerAutoConfiguration, org.springframework.boot.autoconfigure.jdbc.JdbcTemplateAutoConfiguration, org.springframework.boot.autoconfigure.liquibase.LiquibaseAutoConfiguration, org.springframework.boot.autoconfigure.orm.jpa.HibernateJpaAutoConfiguration, org.springframework.boot.autoconfigure.transaction.TransactionAutoConfiguration, org.springframework.boot.test.autoconfigure.jdbc.TestDatabaseAutoConfiguration, org.springframework.boot.test.autoconfigure.orm.jpa.TestEntityManagerAutoConfiguration]], org.springframework.boot.test.context.filter.ExcludeFilterContextCustomizer@2cea4968, org.springframework.boot.test.json.DuplicateJsonObjectContextCustomizerFactory$DuplicateJsonObjectContextCustomizer@3ea7396f, org.springframework.boot.test.mock.mockito.MockitoContextCustomizer@0, org.springframework.boot.test.context.SpringBootTestArgs@1, org.springframework.boot.test.context.SpringBootTestWebEnvironment@0], contextLoader = 'org.springframework.boot.test.context.SpringBootContextLoader', parent = [null]], attributes = map['org.springframework.test.context.event.ApplicationEventsTestExecutionListener.recordApplicationEvents' -> false]]; transaction manager [org.springframework.orm.jpa.JpaTransactionManager@1923997f]; rollback [true]
2021-03-15 19:10:07.072 DEBUG 9822 --- [    Test worker] org.hibernate.SQL                        : 
    select
        officer0_.id as id1_0_,
        officer0_.first_name as first_na2_0_,
        officer0_.last_name as last_nam3_0_,
        officer0_.rank as rank4_0_ 
    from
        officers officer0_ 
    where
        officer0_.rank=?
Hibernate: 
    select
        officer0_.id as id1_0_,
        officer0_.first_name as first_na2_0_,
        officer0_.last_name as last_nam3_0_,
        officer0_.rank as rank4_0_ 
    from
        officers officer0_ 
    where
        officer0_.rank=?
2021-03-15 19:10:07.078  INFO 9822 --- [    Test worker] o.s.t.c.transaction.TransactionContext   : Rolled back transaction for test: [DefaultTestContext@639d9471 testClass = OfficerRepositoryTest, testInstance = com.learning.persistence.dao.OfficerRepositoryTest@4a24a9ff, testMethod = findByRank@OfficerRepositoryTest, testException = [null], mergedContextConfiguration = [MergedContextConfiguration@41704b4e testClass = OfficerRepositoryTest, locations = '{}', classes = '{class com.learning.persistence.PersistenceApplication}', contextInitializerClasses = '[]', activeProfiles = '{}', propertySourceLocations = '{}', propertySourceProperties = '{org.springframework.boot.test.autoconfigure.orm.jpa.DataJpaTestContextBootstrapper=true}', contextCustomizers = set[org.springframework.boot.test.autoconfigure.OverrideAutoConfigurationContextCustomizerFactory$DisableAutoConfigurationContextCustomizer@76da813e, org.springframework.boot.test.autoconfigure.actuate.metrics.MetricsExportContextCustomizerFactory$DisableMetricExportContextCustomizer@463ca16b, org.springframework.boot.test.autoconfigure.filter.TypeExcludeFiltersContextCustomizer@351584c0, org.springframework.boot.test.autoconfigure.properties.PropertyMappingContextCustomizer@ab14b078, org.springframework.boot.test.autoconfigure.web.servlet.WebDriverContextCustomizerFactory$Customizer@506d6c06, [ImportsContextCustomizer@543c84aa key = [org.springframework.boot.autoconfigure.cache.CacheAutoConfiguration, org.springframework.boot.autoconfigure.data.jpa.JpaRepositoriesAutoConfiguration, org.springframework.boot.autoconfigure.flyway.FlywayAutoConfiguration, org.springframework.boot.autoconfigure.jdbc.DataSourceAutoConfiguration, org.springframework.boot.autoconfigure.jdbc.DataSourceTransactionManagerAutoConfiguration, org.springframework.boot.autoconfigure.jdbc.JdbcTemplateAutoConfiguration, org.springframework.boot.autoconfigure.liquibase.LiquibaseAutoConfiguration, org.springframework.boot.autoconfigure.orm.jpa.HibernateJpaAutoConfiguration, org.springframework.boot.autoconfigure.transaction.TransactionAutoConfiguration, org.springframework.boot.test.autoconfigure.jdbc.TestDatabaseAutoConfiguration, org.springframework.boot.test.autoconfigure.orm.jpa.TestEntityManagerAutoConfiguration]], org.springframework.boot.test.context.filter.ExcludeFilterContextCustomizer@2cea4968, org.springframework.boot.test.json.DuplicateJsonObjectContextCustomizerFactory$DuplicateJsonObjectContextCustomizer@3ea7396f, org.springframework.boot.test.mock.mockito.MockitoContextCustomizer@0, org.springframework.boot.test.context.SpringBootTestArgs@1, org.springframework.boot.test.context.SpringBootTestWebEnvironment@0], contextLoader = 'org.springframework.boot.test.context.SpringBootContextLoader', parent = [null]], attributes = map['org.springframework.test.context.event.ApplicationEventsTestExecutionListener.recordApplicationEvents' -> false]]
2021-03-15 19:10:07.083  INFO 9822 --- [    Test worker] o.s.t.c.transaction.TransactionContext   : Began transaction (1) for test context [DefaultTestContext@639d9471 testClass = OfficerRepositoryTest, testInstance = com.learning.persistence.dao.OfficerRepositoryTest@172e6719, testMethod = doesNotExist@OfficerRepositoryTest, testException = [null], mergedContextConfiguration = [MergedContextConfiguration@41704b4e testClass = OfficerRepositoryTest, locations = '{}', classes = '{class com.learning.persistence.PersistenceApplication}', contextInitializerClasses = '[]', activeProfiles = '{}', propertySourceLocations = '{}', propertySourceProperties = '{org.springframework.boot.test.autoconfigure.orm.jpa.DataJpaTestContextBootstrapper=true}', contextCustomizers = set[org.springframework.boot.test.autoconfigure.OverrideAutoConfigurationContextCustomizerFactory$DisableAutoConfigurationContextCustomizer@76da813e, org.springframework.boot.test.autoconfigure.actuate.metrics.MetricsExportContextCustomizerFactory$DisableMetricExportContextCustomizer@463ca16b, org.springframework.boot.test.autoconfigure.filter.TypeExcludeFiltersContextCustomizer@351584c0, org.springframework.boot.test.autoconfigure.properties.PropertyMappingContextCustomizer@ab14b078, org.springframework.boot.test.autoconfigure.web.servlet.WebDriverContextCustomizerFactory$Customizer@506d6c06, [ImportsContextCustomizer@543c84aa key = [org.springframework.boot.autoconfigure.cache.CacheAutoConfiguration, org.springframework.boot.autoconfigure.data.jpa.JpaRepositoriesAutoConfiguration, org.springframework.boot.autoconfigure.flyway.FlywayAutoConfiguration, org.springframework.boot.autoconfigure.jdbc.DataSourceAutoConfiguration, org.springframework.boot.autoconfigure.jdbc.DataSourceTransactionManagerAutoConfiguration, org.springframework.boot.autoconfigure.jdbc.JdbcTemplateAutoConfiguration, org.springframework.boot.autoconfigure.liquibase.LiquibaseAutoConfiguration, org.springframework.boot.autoconfigure.orm.jpa.HibernateJpaAutoConfiguration, org.springframework.boot.autoconfigure.transaction.TransactionAutoConfiguration, org.springframework.boot.test.autoconfigure.jdbc.TestDatabaseAutoConfiguration, org.springframework.boot.test.autoconfigure.orm.jpa.TestEntityManagerAutoConfiguration]], org.springframework.boot.test.context.filter.ExcludeFilterContextCustomizer@2cea4968, org.springframework.boot.test.json.DuplicateJsonObjectContextCustomizerFactory$DuplicateJsonObjectContextCustomizer@3ea7396f, org.springframework.boot.test.mock.mockito.MockitoContextCustomizer@0, org.springframework.boot.test.context.SpringBootTestArgs@1, org.springframework.boot.test.context.SpringBootTestWebEnvironment@0], contextLoader = 'org.springframework.boot.test.context.SpringBootContextLoader', parent = [null]], attributes = map['org.springframework.test.context.event.ApplicationEventsTestExecutionListener.recordApplicationEvents' -> false]]; transaction manager [org.springframework.orm.jpa.JpaTransactionManager@1923997f]; rollback [true]
2021-03-15 19:10:07.085 DEBUG 9822 --- [    Test worker] o.s.jdbc.core.JdbcTemplate               : Executing SQL query [select id from officers]
2021-03-15 19:10:07.114 DEBUG 9822 --- [    Test worker] org.hibernate.SQL                        : 
    select
        count(*) as col_0_0_ 
    from
        officers officer0_ 
    where
        officer0_.id=?
Hibernate: 
    select
        count(*) as col_0_0_ 
    from
        officers officer0_ 
    where
        officer0_.id=?
2021-03-15 19:10:07.124  INFO 9822 --- [    Test worker] o.s.t.c.transaction.TransactionContext   : Rolled back transaction for test: [DefaultTestContext@639d9471 testClass = OfficerRepositoryTest, testInstance = com.learning.persistence.dao.OfficerRepositoryTest@172e6719, testMethod = doesNotExist@OfficerRepositoryTest, testException = [null], mergedContextConfiguration = [MergedContextConfiguration@41704b4e testClass = OfficerRepositoryTest, locations = '{}', classes = '{class com.learning.persistence.PersistenceApplication}', contextInitializerClasses = '[]', activeProfiles = '{}', propertySourceLocations = '{}', propertySourceProperties = '{org.springframework.boot.test.autoconfigure.orm.jpa.DataJpaTestContextBootstrapper=true}', contextCustomizers = set[org.springframework.boot.test.autoconfigure.OverrideAutoConfigurationContextCustomizerFactory$DisableAutoConfigurationContextCustomizer@76da813e, org.springframework.boot.test.autoconfigure.actuate.metrics.MetricsExportContextCustomizerFactory$DisableMetricExportContextCustomizer@463ca16b, org.springframework.boot.test.autoconfigure.filter.TypeExcludeFiltersContextCustomizer@351584c0, org.springframework.boot.test.autoconfigure.properties.PropertyMappingContextCustomizer@ab14b078, org.springframework.boot.test.autoconfigure.web.servlet.WebDriverContextCustomizerFactory$Customizer@506d6c06, [ImportsContextCustomizer@543c84aa key = [org.springframework.boot.autoconfigure.cache.CacheAutoConfiguration, org.springframework.boot.autoconfigure.data.jpa.JpaRepositoriesAutoConfiguration, org.springframework.boot.autoconfigure.flyway.FlywayAutoConfiguration, org.springframework.boot.autoconfigure.jdbc.DataSourceAutoConfiguration, org.springframework.boot.autoconfigure.jdbc.DataSourceTransactionManagerAutoConfiguration, org.springframework.boot.autoconfigure.jdbc.JdbcTemplateAutoConfiguration, org.springframework.boot.autoconfigure.liquibase.LiquibaseAutoConfiguration, org.springframework.boot.autoconfigure.orm.jpa.HibernateJpaAutoConfiguration, org.springframework.boot.autoconfigure.transaction.TransactionAutoConfiguration, org.springframework.boot.test.autoconfigure.jdbc.TestDatabaseAutoConfiguration, org.springframework.boot.test.autoconfigure.orm.jpa.TestEntityManagerAutoConfiguration]], org.springframework.boot.test.context.filter.ExcludeFilterContextCustomizer@2cea4968, org.springframework.boot.test.json.DuplicateJsonObjectContextCustomizerFactory$DuplicateJsonObjectContextCustomizer@3ea7396f, org.springframework.boot.test.mock.mockito.MockitoContextCustomizer@0, org.springframework.boot.test.context.SpringBootTestArgs@1, org.springframework.boot.test.context.SpringBootTestWebEnvironment@0], contextLoader = 'org.springframework.boot.test.context.SpringBootContextLoader', parent = [null]], attributes = map['org.springframework.test.context.event.ApplicationEventsTestExecutionListener.recordApplicationEvents' -> false]]
2021-03-15 19:10:07.129  INFO 9822 --- [    Test worker] o.s.t.c.transaction.TransactionContext   : Began transaction (1) for test context [DefaultTestContext@639d9471 testClass = OfficerRepositoryTest, testInstance = com.learning.persistence.dao.OfficerRepositoryTest@5e9969ef, testMethod = count@OfficerRepositoryTest, testException = [null], mergedContextConfiguration = [MergedContextConfiguration@41704b4e testClass = OfficerRepositoryTest, locations = '{}', classes = '{class com.learning.persistence.PersistenceApplication}', contextInitializerClasses = '[]', activeProfiles = '{}', propertySourceLocations = '{}', propertySourceProperties = '{org.springframework.boot.test.autoconfigure.orm.jpa.DataJpaTestContextBootstrapper=true}', contextCustomizers = set[org.springframework.boot.test.autoconfigure.OverrideAutoConfigurationContextCustomizerFactory$DisableAutoConfigurationContextCustomizer@76da813e, org.springframework.boot.test.autoconfigure.actuate.metrics.MetricsExportContextCustomizerFactory$DisableMetricExportContextCustomizer@463ca16b, org.springframework.boot.test.autoconfigure.filter.TypeExcludeFiltersContextCustomizer@351584c0, org.springframework.boot.test.autoconfigure.properties.PropertyMappingContextCustomizer@ab14b078, org.springframework.boot.test.autoconfigure.web.servlet.WebDriverContextCustomizerFactory$Customizer@506d6c06, [ImportsContextCustomizer@543c84aa key = [org.springframework.boot.autoconfigure.cache.CacheAutoConfiguration, org.springframework.boot.autoconfigure.data.jpa.JpaRepositoriesAutoConfiguration, org.springframework.boot.autoconfigure.flyway.FlywayAutoConfiguration, org.springframework.boot.autoconfigure.jdbc.DataSourceAutoConfiguration, org.springframework.boot.autoconfigure.jdbc.DataSourceTransactionManagerAutoConfiguration, org.springframework.boot.autoconfigure.jdbc.JdbcTemplateAutoConfiguration, org.springframework.boot.autoconfigure.liquibase.LiquibaseAutoConfiguration, org.springframework.boot.autoconfigure.orm.jpa.HibernateJpaAutoConfiguration, org.springframework.boot.autoconfigure.transaction.TransactionAutoConfiguration, org.springframework.boot.test.autoconfigure.jdbc.TestDatabaseAutoConfiguration, org.springframework.boot.test.autoconfigure.orm.jpa.TestEntityManagerAutoConfiguration]], org.springframework.boot.test.context.filter.ExcludeFilterContextCustomizer@2cea4968, org.springframework.boot.test.json.DuplicateJsonObjectContextCustomizerFactory$DuplicateJsonObjectContextCustomizer@3ea7396f, org.springframework.boot.test.mock.mockito.MockitoContextCustomizer@0, org.springframework.boot.test.context.SpringBootTestArgs@1, org.springframework.boot.test.context.SpringBootTestWebEnvironment@0], contextLoader = 'org.springframework.boot.test.context.SpringBootContextLoader', parent = [null]], attributes = map['org.springframework.test.context.event.ApplicationEventsTestExecutionListener.recordApplicationEvents' -> false]]; transaction manager [org.springframework.orm.jpa.JpaTransactionManager@1923997f]; rollback [true]
2021-03-15 19:10:07.133 DEBUG 9822 --- [    Test worker] org.hibernate.SQL                        : 
    select
        count(*) as col_0_0_ 
    from
        officers officer0_
Hibernate: 
    select
        count(*) as col_0_0_ 
    from
        officers officer0_
2021-03-15 19:10:07.136  INFO 9822 --- [    Test worker] o.s.t.c.transaction.TransactionContext   : Rolled back transaction for test: [DefaultTestContext@639d9471 testClass = OfficerRepositoryTest, testInstance = com.learning.persistence.dao.OfficerRepositoryTest@5e9969ef, testMethod = count@OfficerRepositoryTest, testException = [null], mergedContextConfiguration = [MergedContextConfiguration@41704b4e testClass = OfficerRepositoryTest, locations = '{}', classes = '{class com.learning.persistence.PersistenceApplication}', contextInitializerClasses = '[]', activeProfiles = '{}', propertySourceLocations = '{}', propertySourceProperties = '{org.springframework.boot.test.autoconfigure.orm.jpa.DataJpaTestContextBootstrapper=true}', contextCustomizers = set[org.springframework.boot.test.autoconfigure.OverrideAutoConfigurationContextCustomizerFactory$DisableAutoConfigurationContextCustomizer@76da813e, org.springframework.boot.test.autoconfigure.actuate.metrics.MetricsExportContextCustomizerFactory$DisableMetricExportContextCustomizer@463ca16b, org.springframework.boot.test.autoconfigure.filter.TypeExcludeFiltersContextCustomizer@351584c0, org.springframework.boot.test.autoconfigure.properties.PropertyMappingContextCustomizer@ab14b078, org.springframework.boot.test.autoconfigure.web.servlet.WebDriverContextCustomizerFactory$Customizer@506d6c06, [ImportsContextCustomizer@543c84aa key = [org.springframework.boot.autoconfigure.cache.CacheAutoConfiguration, org.springframework.boot.autoconfigure.data.jpa.JpaRepositoriesAutoConfiguration, org.springframework.boot.autoconfigure.flyway.FlywayAutoConfiguration, org.springframework.boot.autoconfigure.jdbc.DataSourceAutoConfiguration, org.springframework.boot.autoconfigure.jdbc.DataSourceTransactionManagerAutoConfiguration, org.springframework.boot.autoconfigure.jdbc.JdbcTemplateAutoConfiguration, org.springframework.boot.autoconfigure.liquibase.LiquibaseAutoConfiguration, org.springframework.boot.autoconfigure.orm.jpa.HibernateJpaAutoConfiguration, org.springframework.boot.autoconfigure.transaction.TransactionAutoConfiguration, org.springframework.boot.test.autoconfigure.jdbc.TestDatabaseAutoConfiguration, org.springframework.boot.test.autoconfigure.orm.jpa.TestEntityManagerAutoConfiguration]], org.springframework.boot.test.context.filter.ExcludeFilterContextCustomizer@2cea4968, org.springframework.boot.test.json.DuplicateJsonObjectContextCustomizerFactory$DuplicateJsonObjectContextCustomizer@3ea7396f, org.springframework.boot.test.mock.mockito.MockitoContextCustomizer@0, org.springframework.boot.test.context.SpringBootTestArgs@1, org.springframework.boot.test.context.SpringBootTestWebEnvironment@0], contextLoader = 'org.springframework.boot.test.context.SpringBootContextLoader', parent = [null]], attributes = map['org.springframework.test.context.event.ApplicationEventsTestExecutionListener.recordApplicationEvents' -> false]]
2021-03-15 19:10:07.142  INFO 9822 --- [    Test worker] o.s.t.c.transaction.TransactionContext   : Began transaction (1) for test context [DefaultTestContext@639d9471 testClass = OfficerRepositoryTest, testInstance = com.learning.persistence.dao.OfficerRepositoryTest@123d3ba4, testMethod = existsById@OfficerRepositoryTest, testException = [null], mergedContextConfiguration = [MergedContextConfiguration@41704b4e testClass = OfficerRepositoryTest, locations = '{}', classes = '{class com.learning.persistence.PersistenceApplication}', contextInitializerClasses = '[]', activeProfiles = '{}', propertySourceLocations = '{}', propertySourceProperties = '{org.springframework.boot.test.autoconfigure.orm.jpa.DataJpaTestContextBootstrapper=true}', contextCustomizers = set[org.springframework.boot.test.autoconfigure.OverrideAutoConfigurationContextCustomizerFactory$DisableAutoConfigurationContextCustomizer@76da813e, org.springframework.boot.test.autoconfigure.actuate.metrics.MetricsExportContextCustomizerFactory$DisableMetricExportContextCustomizer@463ca16b, org.springframework.boot.test.autoconfigure.filter.TypeExcludeFiltersContextCustomizer@351584c0, org.springframework.boot.test.autoconfigure.properties.PropertyMappingContextCustomizer@ab14b078, org.springframework.boot.test.autoconfigure.web.servlet.WebDriverContextCustomizerFactory$Customizer@506d6c06, [ImportsContextCustomizer@543c84aa key = [org.springframework.boot.autoconfigure.cache.CacheAutoConfiguration, org.springframework.boot.autoconfigure.data.jpa.JpaRepositoriesAutoConfiguration, org.springframework.boot.autoconfigure.flyway.FlywayAutoConfiguration, org.springframework.boot.autoconfigure.jdbc.DataSourceAutoConfiguration, org.springframework.boot.autoconfigure.jdbc.DataSourceTransactionManagerAutoConfiguration, org.springframework.boot.autoconfigure.jdbc.JdbcTemplateAutoConfiguration, org.springframework.boot.autoconfigure.liquibase.LiquibaseAutoConfiguration, org.springframework.boot.autoconfigure.orm.jpa.HibernateJpaAutoConfiguration, org.springframework.boot.autoconfigure.transaction.TransactionAutoConfiguration, org.springframework.boot.test.autoconfigure.jdbc.TestDatabaseAutoConfiguration, org.springframework.boot.test.autoconfigure.orm.jpa.TestEntityManagerAutoConfiguration]], org.springframework.boot.test.context.filter.ExcludeFilterContextCustomizer@2cea4968, org.springframework.boot.test.json.DuplicateJsonObjectContextCustomizerFactory$DuplicateJsonObjectContextCustomizer@3ea7396f, org.springframework.boot.test.mock.mockito.MockitoContextCustomizer@0, org.springframework.boot.test.context.SpringBootTestArgs@1, org.springframework.boot.test.context.SpringBootTestWebEnvironment@0], contextLoader = 'org.springframework.boot.test.context.SpringBootContextLoader', parent = [null]], attributes = map['org.springframework.test.context.event.ApplicationEventsTestExecutionListener.recordApplicationEvents' -> false]]; transaction manager [org.springframework.orm.jpa.JpaTransactionManager@1923997f]; rollback [true]
2021-03-15 19:10:07.145 DEBUG 9822 --- [    Test worker] o.s.jdbc.core.JdbcTemplate               : Executing SQL query [select id from officers]
2021-03-15 19:10:07.147 DEBUG 9822 --- [    Test worker] org.hibernate.SQL                        : 
    select
        count(*) as col_0_0_ 
    from
        officers officer0_ 
    where
        officer0_.id=?
Hibernate: 
    select
        count(*) as col_0_0_ 
    from
        officers officer0_ 
    where
        officer0_.id=?
2021-03-15 19:10:07.150 DEBUG 9822 --- [    Test worker] org.hibernate.SQL                        : 
    select
        count(*) as col_0_0_ 
    from
        officers officer0_ 
    where
        officer0_.id=?
Hibernate: 
    select
        count(*) as col_0_0_ 
    from
        officers officer0_ 
    where
        officer0_.id=?
2021-03-15 19:10:07.152 DEBUG 9822 --- [    Test worker] org.hibernate.SQL                        : 
    select
        count(*) as col_0_0_ 
    from
        officers officer0_ 
    where
        officer0_.id=?
Hibernate: 
    select
        count(*) as col_0_0_ 
    from
        officers officer0_ 
    where
        officer0_.id=?
2021-03-15 19:10:07.154 DEBUG 9822 --- [    Test worker] org.hibernate.SQL                        : 
    select
        count(*) as col_0_0_ 
    from
        officers officer0_ 
    where
        officer0_.id=?
Hibernate: 
    select
        count(*) as col_0_0_ 
    from
        officers officer0_ 
    where
        officer0_.id=?
2021-03-15 19:10:07.156 DEBUG 9822 --- [    Test worker] org.hibernate.SQL                        : 
    select
        count(*) as col_0_0_ 
    from
        officers officer0_ 
    where
        officer0_.id=?
Hibernate: 
    select
        count(*) as col_0_0_ 
    from
        officers officer0_ 
    where
        officer0_.id=?
2021-03-15 19:10:07.160  INFO 9822 --- [    Test worker] o.s.t.c.transaction.TransactionContext   : Rolled back transaction for test: [DefaultTestContext@639d9471 testClass = OfficerRepositoryTest, testInstance = com.learning.persistence.dao.OfficerRepositoryTest@123d3ba4, testMethod = existsById@OfficerRepositoryTest, testException = [null], mergedContextConfiguration = [MergedContextConfiguration@41704b4e testClass = OfficerRepositoryTest, locations = '{}', classes = '{class com.learning.persistence.PersistenceApplication}', contextInitializerClasses = '[]', activeProfiles = '{}', propertySourceLocations = '{}', propertySourceProperties = '{org.springframework.boot.test.autoconfigure.orm.jpa.DataJpaTestContextBootstrapper=true}', contextCustomizers = set[org.springframework.boot.test.autoconfigure.OverrideAutoConfigurationContextCustomizerFactory$DisableAutoConfigurationContextCustomizer@76da813e, org.springframework.boot.test.autoconfigure.actuate.metrics.MetricsExportContextCustomizerFactory$DisableMetricExportContextCustomizer@463ca16b, org.springframework.boot.test.autoconfigure.filter.TypeExcludeFiltersContextCustomizer@351584c0, org.springframework.boot.test.autoconfigure.properties.PropertyMappingContextCustomizer@ab14b078, org.springframework.boot.test.autoconfigure.web.servlet.WebDriverContextCustomizerFactory$Customizer@506d6c06, [ImportsContextCustomizer@543c84aa key = [org.springframework.boot.autoconfigure.cache.CacheAutoConfiguration, org.springframework.boot.autoconfigure.data.jpa.JpaRepositoriesAutoConfiguration, org.springframework.boot.autoconfigure.flyway.FlywayAutoConfiguration, org.springframework.boot.autoconfigure.jdbc.DataSourceAutoConfiguration, org.springframework.boot.autoconfigure.jdbc.DataSourceTransactionManagerAutoConfiguration, org.springframework.boot.autoconfigure.jdbc.JdbcTemplateAutoConfiguration, org.springframework.boot.autoconfigure.liquibase.LiquibaseAutoConfiguration, org.springframework.boot.autoconfigure.orm.jpa.HibernateJpaAutoConfiguration, org.springframework.boot.autoconfigure.transaction.TransactionAutoConfiguration, org.springframework.boot.test.autoconfigure.jdbc.TestDatabaseAutoConfiguration, org.springframework.boot.test.autoconfigure.orm.jpa.TestEntityManagerAutoConfiguration]], org.springframework.boot.test.context.filter.ExcludeFilterContextCustomizer@2cea4968, org.springframework.boot.test.json.DuplicateJsonObjectContextCustomizerFactory$DuplicateJsonObjectContextCustomizer@3ea7396f, org.springframework.boot.test.mock.mockito.MockitoContextCustomizer@0, org.springframework.boot.test.context.SpringBootTestArgs@1, org.springframework.boot.test.context.SpringBootTestWebEnvironment@0], contextLoader = 'org.springframework.boot.test.context.SpringBootContextLoader', parent = [null]], attributes = map['org.springframework.test.context.event.ApplicationEventsTestExecutionListener.recordApplicationEvents' -> false]]
2021-03-15 19:10:07.165  INFO 9822 --- [    Test worker] o.s.t.c.transaction.TransactionContext   : Began transaction (1) for test context [DefaultTestContext@639d9471 testClass = OfficerRepositoryTest, testInstance = com.learning.persistence.dao.OfficerRepositoryTest@6ff16c02, testMethod = deleteById@OfficerRepositoryTest, testException = [null], mergedContextConfiguration = [MergedContextConfiguration@41704b4e testClass = OfficerRepositoryTest, locations = '{}', classes = '{class com.learning.persistence.PersistenceApplication}', contextInitializerClasses = '[]', activeProfiles = '{}', propertySourceLocations = '{}', propertySourceProperties = '{org.springframework.boot.test.autoconfigure.orm.jpa.DataJpaTestContextBootstrapper=true}', contextCustomizers = set[org.springframework.boot.test.autoconfigure.OverrideAutoConfigurationContextCustomizerFactory$DisableAutoConfigurationContextCustomizer@76da813e, org.springframework.boot.test.autoconfigure.actuate.metrics.MetricsExportContextCustomizerFactory$DisableMetricExportContextCustomizer@463ca16b, org.springframework.boot.test.autoconfigure.filter.TypeExcludeFiltersContextCustomizer@351584c0, org.springframework.boot.test.autoconfigure.properties.PropertyMappingContextCustomizer@ab14b078, org.springframework.boot.test.autoconfigure.web.servlet.WebDriverContextCustomizerFactory$Customizer@506d6c06, [ImportsContextCustomizer@543c84aa key = [org.springframework.boot.autoconfigure.cache.CacheAutoConfiguration, org.springframework.boot.autoconfigure.data.jpa.JpaRepositoriesAutoConfiguration, org.springframework.boot.autoconfigure.flyway.FlywayAutoConfiguration, org.springframework.boot.autoconfigure.jdbc.DataSourceAutoConfiguration, org.springframework.boot.autoconfigure.jdbc.DataSourceTransactionManagerAutoConfiguration, org.springframework.boot.autoconfigure.jdbc.JdbcTemplateAutoConfiguration, org.springframework.boot.autoconfigure.liquibase.LiquibaseAutoConfiguration, org.springframework.boot.autoconfigure.orm.jpa.HibernateJpaAutoConfiguration, org.springframework.boot.autoconfigure.transaction.TransactionAutoConfiguration, org.springframework.boot.test.autoconfigure.jdbc.TestDatabaseAutoConfiguration, org.springframework.boot.test.autoconfigure.orm.jpa.TestEntityManagerAutoConfiguration]], org.springframework.boot.test.context.filter.ExcludeFilterContextCustomizer@2cea4968, org.springframework.boot.test.json.DuplicateJsonObjectContextCustomizerFactory$DuplicateJsonObjectContextCustomizer@3ea7396f, org.springframework.boot.test.mock.mockito.MockitoContextCustomizer@0, org.springframework.boot.test.context.SpringBootTestArgs@1, org.springframework.boot.test.context.SpringBootTestWebEnvironment@0], contextLoader = 'org.springframework.boot.test.context.SpringBootContextLoader', parent = [null]], attributes = map['org.springframework.test.context.event.ApplicationEventsTestExecutionListener.recordApplicationEvents' -> false]]; transaction manager [org.springframework.orm.jpa.JpaTransactionManager@1923997f]; rollback [true]
2021-03-15 19:10:07.168 DEBUG 9822 --- [    Test worker] o.s.jdbc.core.JdbcTemplate               : Executing SQL query [select id from officers]
2021-03-15 19:10:07.171 DEBUG 9822 --- [    Test worker] org.hibernate.SQL                        : 
    select
        officer0_.id as id1_0_0_,
        officer0_.first_name as first_na2_0_0_,
        officer0_.last_name as last_nam3_0_0_,
        officer0_.rank as rank4_0_0_ 
    from
        officers officer0_ 
    where
        officer0_.id=?
Hibernate: 
    select
        officer0_.id as id1_0_0_,
        officer0_.first_name as first_na2_0_0_,
        officer0_.last_name as last_nam3_0_0_,
        officer0_.rank as rank4_0_0_ 
    from
        officers officer0_ 
    where
        officer0_.id=?
2021-03-15 19:10:07.178 DEBUG 9822 --- [    Test worker] org.hibernate.SQL                        : 
    select
        officer0_.id as id1_0_0_,
        officer0_.first_name as first_na2_0_0_,
        officer0_.last_name as last_nam3_0_0_,
        officer0_.rank as rank4_0_0_ 
    from
        officers officer0_ 
    where
        officer0_.id=?
Hibernate: 
    select
        officer0_.id as id1_0_0_,
        officer0_.first_name as first_na2_0_0_,
        officer0_.last_name as last_nam3_0_0_,
        officer0_.rank as rank4_0_0_ 
    from
        officers officer0_ 
    where
        officer0_.id=?
2021-03-15 19:10:07.181 DEBUG 9822 --- [    Test worker] org.hibernate.SQL                        : 
    select
        officer0_.id as id1_0_0_,
        officer0_.first_name as first_na2_0_0_,
        officer0_.last_name as last_nam3_0_0_,
        officer0_.rank as rank4_0_0_ 
    from
        officers officer0_ 
    where
        officer0_.id=?
Hibernate: 
    select
        officer0_.id as id1_0_0_,
        officer0_.first_name as first_na2_0_0_,
        officer0_.last_name as last_nam3_0_0_,
        officer0_.rank as rank4_0_0_ 
    from
        officers officer0_ 
    where
        officer0_.id=?
2021-03-15 19:10:07.184 DEBUG 9822 --- [    Test worker] org.hibernate.SQL                        : 
    select
        officer0_.id as id1_0_0_,
        officer0_.first_name as first_na2_0_0_,
        officer0_.last_name as last_nam3_0_0_,
        officer0_.rank as rank4_0_0_ 
    from
        officers officer0_ 
    where
        officer0_.id=?
Hibernate: 
    select
        officer0_.id as id1_0_0_,
        officer0_.first_name as first_na2_0_0_,
        officer0_.last_name as last_nam3_0_0_,
        officer0_.rank as rank4_0_0_ 
    from
        officers officer0_ 
    where
        officer0_.id=?
2021-03-15 19:10:07.186 DEBUG 9822 --- [    Test worker] org.hibernate.SQL                        : 
    select
        officer0_.id as id1_0_0_,
        officer0_.first_name as first_na2_0_0_,
        officer0_.last_name as last_nam3_0_0_,
        officer0_.rank as rank4_0_0_ 
    from
        officers officer0_ 
    where
        officer0_.id=?
Hibernate: 
    select
        officer0_.id as id1_0_0_,
        officer0_.first_name as first_na2_0_0_,
        officer0_.last_name as last_nam3_0_0_,
        officer0_.rank as rank4_0_0_ 
    from
        officers officer0_ 
    where
        officer0_.id=?
2021-03-15 19:10:07.202 DEBUG 9822 --- [    Test worker] org.hibernate.SQL                        : 
    delete 
    from
        officers 
    where
        id=?
Hibernate: 
    delete 
    from
        officers 
    where
        id=?
2021-03-15 19:10:07.207 DEBUG 9822 --- [    Test worker] org.hibernate.SQL                        : 
    delete 
    from
        officers 
    where
        id=?
Hibernate: 
    delete 
    from
        officers 
    where
        id=?
2021-03-15 19:10:07.208 DEBUG 9822 --- [    Test worker] org.hibernate.SQL                        : 
    delete 
    from
        officers 
    where
        id=?
Hibernate: 
    delete 
    from
        officers 
    where
        id=?
2021-03-15 19:10:07.209 DEBUG 9822 --- [    Test worker] org.hibernate.SQL                        : 
    delete 
    from
        officers 
    where
        id=?
Hibernate: 
    delete 
    from
        officers 
    where
        id=?
2021-03-15 19:10:07.210 DEBUG 9822 --- [    Test worker] org.hibernate.SQL                        : 
    delete 
    from
        officers 
    where
        id=?
Hibernate: 
    delete 
    from
        officers 
    where
        id=?
2021-03-15 19:10:07.214 DEBUG 9822 --- [    Test worker] org.hibernate.SQL                        : 
    select
        count(*) as col_0_0_ 
    from
        officers officer0_
Hibernate: 
    select
        count(*) as col_0_0_ 
    from
        officers officer0_
2021-03-15 19:10:07.220  INFO 9822 --- [    Test worker] o.s.t.c.transaction.TransactionContext   : Rolled back transaction for test: [DefaultTestContext@639d9471 testClass = OfficerRepositoryTest, testInstance = com.learning.persistence.dao.OfficerRepositoryTest@6ff16c02, testMethod = deleteById@OfficerRepositoryTest, testException = [null], mergedContextConfiguration = [MergedContextConfiguration@41704b4e testClass = OfficerRepositoryTest, locations = '{}', classes = '{class com.learning.persistence.PersistenceApplication}', contextInitializerClasses = '[]', activeProfiles = '{}', propertySourceLocations = '{}', propertySourceProperties = '{org.springframework.boot.test.autoconfigure.orm.jpa.DataJpaTestContextBootstrapper=true}', contextCustomizers = set[org.springframework.boot.test.autoconfigure.OverrideAutoConfigurationContextCustomizerFactory$DisableAutoConfigurationContextCustomizer@76da813e, org.springframework.boot.test.autoconfigure.actuate.metrics.MetricsExportContextCustomizerFactory$DisableMetricExportContextCustomizer@463ca16b, org.springframework.boot.test.autoconfigure.filter.TypeExcludeFiltersContextCustomizer@351584c0, org.springframework.boot.test.autoconfigure.properties.PropertyMappingContextCustomizer@ab14b078, org.springframework.boot.test.autoconfigure.web.servlet.WebDriverContextCustomizerFactory$Customizer@506d6c06, [ImportsContextCustomizer@543c84aa key = [org.springframework.boot.autoconfigure.cache.CacheAutoConfiguration, org.springframework.boot.autoconfigure.data.jpa.JpaRepositoriesAutoConfiguration, org.springframework.boot.autoconfigure.flyway.FlywayAutoConfiguration, org.springframework.boot.autoconfigure.jdbc.DataSourceAutoConfiguration, org.springframework.boot.autoconfigure.jdbc.DataSourceTransactionManagerAutoConfiguration, org.springframework.boot.autoconfigure.jdbc.JdbcTemplateAutoConfiguration, org.springframework.boot.autoconfigure.liquibase.LiquibaseAutoConfiguration, org.springframework.boot.autoconfigure.orm.jpa.HibernateJpaAutoConfiguration, org.springframework.boot.autoconfigure.transaction.TransactionAutoConfiguration, org.springframework.boot.test.autoconfigure.jdbc.TestDatabaseAutoConfiguration, org.springframework.boot.test.autoconfigure.orm.jpa.TestEntityManagerAutoConfiguration]], org.springframework.boot.test.context.filter.ExcludeFilterContextCustomizer@2cea4968, org.springframework.boot.test.json.DuplicateJsonObjectContextCustomizerFactory$DuplicateJsonObjectContextCustomizer@3ea7396f, org.springframework.boot.test.mock.mockito.MockitoContextCustomizer@0, org.springframework.boot.test.context.SpringBootTestArgs@1, org.springframework.boot.test.context.SpringBootTestWebEnvironment@0], contextLoader = 'org.springframework.boot.test.context.SpringBootContextLoader', parent = [null]], attributes = map['org.springframework.test.context.event.ApplicationEventsTestExecutionListener.recordApplicationEvents' -> false]]
]]></system-out>
  <system-err><![CDATA[]]></system-err>
</testsuite>
